============================= test session starts =============================
platform win32 -- Python 3.14.3, pytest-9.1.1, pluggy-1.6.0 -- C:\Users\marel\OneDrive\Desktop\FeatureFlow\venv\Scripts\python.exe
cachedir: .pytest_cache
rootdir: C:\Users\marel\OneDrive\Desktop\FeatureFlow
configfile: pytest.ini
plugins: anyio-4.14.1, asyncio-1.4.0
asyncio: mode=Mode.AUTO, debug=False, asyncio_default_fixture_loop_scope=function, asyncio_default_test_loop_scope=function
collecting ... collected 75 items

tests/test_api.py::test_health_check PASSED                              [  1%]
tests/test_api.py::test_version_check PASSED                             [  2%]
tests/test_api.py::test_list_models PASSED                               [  4%]
tests/test_api.py::test_management_overview PASSED                       [  5%]
tests/test_api.py::test_management_registries_datasets_pagination PASSED [  6%]
tests/test_api.py::test_management_registries_features PASSED            [  8%]
tests/test_api.py::test_management_registries_models PASSED              [  9%]
tests/test_api.py::test_management_pipelines_runs PASSED                 [ 10%]
tests/test_api.py::test_management_observability_events PASSED           [ 12%]
tests/test_api.py::test_predict_endpoint_validation_error PASSED         [ 13%]
tests/test_auth.py::test_register_and_login FAILED                       [ 14%]
tests/test_auth.py::test_me_endpoint FAILED                              [ 16%]
tests/test_auth.py::test_api_keys FAILED                                 [ 17%]
tests/test_auth_stress.py::test_auth_rate_limiting PASSED                [ 18%]
tests/test_data_quality.py::test_data_quality_service_baseline_creation FAILED [ 20%]
tests/test_data_quality.py::test_data_quality_critical_failure FAILED    [ 21%]
tests/test_explainability.py::test_explainability_background_generation FAILED [ 22%]
tests/test_explainability.py::test_explainability_cache_hit FAILED       [ 24%]
tests/test_explainability.py::test_historical_explanations FAILED        [ 25%]
tests/test_ml.py::test_logistic_regression_trainer_success PASSED        [ 26%]
tests/test_ml.py::test_random_forest_trainer_success PASSED              [ 28%]
tests/test_ml.py::test_classification_evaluator_success PASSED           [ 29%]
tests/test_ml.py::test_local_artifact_store_save_and_load PASSED         [ 30%]
tests/test_ml.py::test_prediction_engine_no_model_error PASSED           [ 32%]
tests/test_ml.py::test_local_artifact_store_path_traversal PASSED        [ 33%]
tests/test_ml.py::test_local_artifact_store_corrupted_checksum PASSED    [ 34%]
tests/test_ml.py::test_local_artifact_store_missing_file PASSED          [ 36%]
tests/test_ml.py::test_prediction_engine_batch_prediction PASSED         [ 37%]
tests/test_model_cache.py::test_model_cache_hit_and_miss PASSED          [ 38%]
tests/test_model_cache.py::test_postgresql_fallback_and_repopulation PASSED [ 40%]
tests/test_model_cache.py::test_cache_refresh PASSED                     [ 41%]
tests/test_model_cache.py::test_cache_invalidation_and_lifecycle_hooks PASSED [ 42%]
tests/test_model_cache.py::test_model_cache_endpoints PASSED             [ 44%]
tests/test_online_store.py::test_online_store_hit_and_miss PASSED        [ 45%]
tests/test_online_store.py::test_postgresql_fallback_and_repopulation PASSED [ 46%]
tests/test_online_store.py::test_ttl_expiration PASSED                   [ 48%]
tests/test_online_store.py::test_batch_operations PASSED                 [ 49%]
tests/test_online_store.py::test_version_invalidation FAILED             [ 50%]
tests/test_online_store.py::test_online_features_endpoints FAILED        [ 52%]
tests/test_prediction_cache.py::test_prediction_cache_hit_miss_and_security_sanitization PASSED [ 53%]
tests/test_prediction_cache.py::test_single_flight_concurrency_safety PASSED [ 54%]
tests/test_prediction_cache.py::test_batch_prediction_caching PASSED     [ 56%]
tests/test_prediction_cache.py::test_automatic_invalidation_and_lifecycle_hooks PASSED [ 57%]
tests/test_prediction_cache.py::test_ttl_expiration_and_recovery_resilience PASSED [ 58%]
tests/test_prediction_cache.py::test_prediction_cache_rest_api_and_audit_logs PASSED [ 60%]
tests/test_redis.py::test_redis_client_connection FAILED                 [ 61%]
tests/test_redis.py::test_redis_write_and_read FAILED                    [ 62%]
tests/test_redis.py::test_redis_delete FAILED                            [ 64%]
tests/test_redis.py::test_redis_ttl_expiration FAILED                    [ 65%]
tests/test_redis.py::test_redis_json_operations FAILED                   [ 66%]
tests/test_redis.py::test_redis_reconnection_and_resilience FAILED       [ 68%]
tests/test_redis.py::test_redis_concurrent_access FAILED                 [ 69%]
tests/test_redis.py::test_redis_health_endpoint FAILED                   [ 70%]
tests/test_redis.py::test_sanitize_redis_url PASSED                      [ 72%]
tests/test_redis_enterprise.py::test_health_monitor_snapshot_contains_required_fields PASSED [ 73%]
tests/test_redis_enterprise.py::test_recovery_manager_status_structure PASSED [ 74%]
tests/test_redis_enterprise.py::test_performance_benchmark_produces_valid_report PASSED [ 76%]
tests/test_redis_enterprise.py::test_connection_pool_stats_non_null PASSED [ 77%]
tests/test_redis_enterprise.py::test_redis_client_stats_counters_increment PASSED [ 78%]
tests/test_redis_enterprise.py::test_observability_endpoints_all_return_200 PASSED [ 80%]
tests/test_redis_enterprise.py::test_redis_statistics_live_data PASSED   [ 81%]
tests/test_redis_enterprise.py::test_redis_health_endpoint_live_ping PASSED [ 82%]
tests/test_redis_enterprise.py::test_redis_memory_endpoint_structure PASSED [ 84%]
tests/test_redis_enterprise.py::test_audit_log_redis_connected_event_recorded PASSED [ 85%]
tests/test_redis_enterprise.py::test_audit_log_redis_reconnected_event PASSED [ 86%]
tests/test_redis_enterprise.py::test_auto_recovery_after_disconnect PASSED [ 88%]
tests/test_redis_enterprise.py::test_security_no_credentials_in_any_response PASSED [ 89%]
tests/test_redis_enterprise.py::test_postgresql_fallback_when_redis_offline PASSED [ 90%]
tests/test_redis_stress.py::test_50_concurrent_users_no_crash PASSED     [ 92%]
tests/test_redis_stress.py::test_200_concurrent_users_pool_stability PASSED [ 93%]
tests/test_redis_stress.py::test_500_concurrent_users_retry_stability PASSED [ 94%]
tests/test_redis_stress.py::test_sustained_load_1000_operations PASSED   [ 96%]
tests/test_redis_stress.py::test_burst_traffic_rapid_rounds PASSED       [ 97%]
tests/test_redis_stress.py::test_recovery_after_disconnect PASSED        [ 98%]
tests/test_redis_stress.py::test_prediction_cache_under_concurrent_load PASSED [100%]

================================== FAILURES ===================================
___________________________ test_register_and_login ___________________________
venv\Lib\site-packages\sqlalchemy\engine\base.py:1969: in _exec_single_context
    self.dialect.do_execute(
venv\Lib\site-packages\sqlalchemy\engine\default.py:952: in do_execute
    cursor.execute(statement, parameters)
venv\Lib\site-packages\sqlalchemy\dialects\sqlite\aiosqlite.py:183: in execute
    self._adapt_connection._handle_exception(error)
venv\Lib\site-packages\sqlalchemy\dialects\sqlite\aiosqlite.py:343: in _handle_exception
    raise error
venv\Lib\site-packages\sqlalchemy\dialects\sqlite\aiosqlite.py:165: in execute
    self.await_(_cursor.execute(operation, parameters))
venv\Lib\site-packages\sqlalchemy\util\_concurrency_py3k.py:132: in await_only
    return current.parent.switch(awaitable)  # type: ignore[no-any-return,attr-defined] # noqa: E501
           ^^^^^^^^^^^^^^^^^^^^^^^^^^^^^^^^
venv\Lib\site-packages\sqlalchemy\util\_concurrency_py3k.py:196: in greenlet_spawn
    value = await result
            ^^^^^^^^^^^^
venv\Lib\site-packages\aiosqlite\cursor.py:40: in execute
    await self._execute(self._cursor.execute, sql, parameters)
venv\Lib\site-packages\aiosqlite\cursor.py:32: in _execute
    return await self._conn._execute(fn, *args, **kwargs)
           ^^^^^^^^^^^^^^^^^^^^^^^^^^^^^^^^^^^^^^^^^^^^^^
venv\Lib\site-packages\aiosqlite\core.py:160: in _execute
    return await future
           ^^^^^^^^^^^^
venv\Lib\site-packages\aiosqlite\core.py:63: in _connection_worker_thread
    result = function()
             ^^^^^^^^^^
E   sqlite3.OperationalError: database is locked

The above exception was the direct cause of the following exception:
tests\test_auth.py:24: in test_register_and_login
    reg_resp = await async_client.post("/api/v1/auth/register", json={
venv\Lib\site-packages\httpx\_client.py:1859: in post
    return await self.request(
venv\Lib\site-packages\httpx\_client.py:1540: in request
    return await self.send(request, auth=auth, follow_redirects=follow_redirects)
           ^^^^^^^^^^^^^^^^^^^^^^^^^^^^^^^^^^^^^^^^^^^^^^^^^^^^^^^^^^^^^^^^^^^^^^
venv\Lib\site-packages\httpx\_client.py:1629: in send
    response = await self._send_handling_auth(
venv\Lib\site-packages\httpx\_client.py:1657: in _send_handling_auth
    response = await self._send_handling_redirects(
venv\Lib\site-packages\httpx\_client.py:1694: in _send_handling_redirects
    response = await self._send_single_request(request)
               ^^^^^^^^^^^^^^^^^^^^^^^^^^^^^^^^^^^^^^^^
venv\Lib\site-packages\httpx\_client.py:1730: in _send_single_request
    response = await transport.handle_async_request(request)
               ^^^^^^^^^^^^^^^^^^^^^^^^^^^^^^^^^^^^^^^^^^^^^
venv\Lib\site-packages\httpx\_transports\asgi.py:170: in handle_async_request
    await self.app(scope, receive, send)
venv\Lib\site-packages\fastapi\applications.py:1163: in __call__
    await super().__call__(scope, receive, send)
venv\Lib\site-packages\starlette\applications.py:90: in __call__
    await self.middleware_stack(scope, receive, send)
venv\Lib\site-packages\starlette\middleware\errors.py:186: in __call__
    raise exc
venv\Lib\site-packages\starlette\middleware\errors.py:164: in __call__
    await self.app(scope, receive, _send)
venv\Lib\site-packages\starlette\middleware\base.py:193: in __call__
    response = await self.dispatch_func(request, call_next)
               ^^^^^^^^^^^^^^^^^^^^^^^^^^^^^^^^^^^^^^^^^^^^
app\monitoring\middleware.py:29: in monitoring_middleware
    response = await call_next(request)
               ^^^^^^^^^^^^^^^^^^^^^^^^
venv\Lib\site-packages\starlette\middleware\base.py:168: in call_next
    raise app_exc from app_exc.__cause__ or app_exc.__context__
venv\Lib\site-packages\starlette\middleware\base.py:144: in coro
    await self.app(scope, receive_or_disconnect, send_no_error)
venv\Lib\site-packages\starlette\middleware\base.py:193: in __call__
    response = await self.dispatch_func(request, call_next)
               ^^^^^^^^^^^^^^^^^^^^^^^^^^^^^^^^^^^^^^^^^^^^
app\security\middleware.py:9: in dispatch
    response: Response = await call_next(request)
                         ^^^^^^^^^^^^^^^^^^^^^^^^
venv\Lib\site-packages\starlette\middleware\base.py:168: in call_next
    raise app_exc from app_exc.__cause__ or app_exc.__context__
venv\Lib\site-packages\starlette\middleware\base.py:144: in coro
    await self.app(scope, receive_or_disconnect, send_no_error)
venv\Lib\site-packages\starlette\middleware\cors.py:88: in __call__
    await self.app(scope, receive, send)
venv\Lib\site-packages\starlette\middleware\exceptions.py:63: in __call__
    await wrap_app_handling_exceptions(self.app, conn)(scope, receive, send)
venv\Lib\site-packages\starlette\_exception_handler.py:53: in wrapped_app
    raise exc
venv\Lib\site-packages\starlette\_exception_handler.py:42: in wrapped_app
    await app(scope, receive, sender)
venv\Lib\site-packages\fastapi\middleware\asyncexitstack.py:18: in __call__
    await self.app(scope, receive, send)
venv\Lib\site-packages\starlette\routing.py:660: in __call__
    await self.middleware_stack(scope, receive, send)
venv\Lib\site-packages\fastapi\routing.py:2683: in app
    await route.handle(scope, receive, send)
venv\Lib\site-packages\fastapi\routing.py:1753: in handle
    await self.original_router.handle(scope, receive, send)
venv\Lib\site-packages\fastapi\routing.py:2738: in handle
    await included_router._handle_selected(scope, receive, send)
venv\Lib\site-packages\fastapi\routing.py:1764: in _handle_selected
    await route.handle(scope, receive, send)
venv\Lib\site-packages\fastapi\routing.py:1753: in handle
    await self.original_router.handle(scope, receive, send)
venv\Lib\site-packages\fastapi\routing.py:2738: in handle
    await included_router._handle_selected(scope, receive, send)
venv\Lib\site-packages\fastapi\routing.py:1773: in _handle_selected
    await original_route.handle(scope, receive, send)
venv\Lib\site-packages\fastapi\routing.py:1264: in handle
    await app(scope, receive, send)
venv\Lib\site-packages\fastapi\routing.py:150: in app
    await wrap_app_handling_exceptions(app, request)(scope, receive, send)
venv\Lib\site-packages\starlette\_exception_handler.py:53: in wrapped_app
    raise exc
venv\Lib\site-packages\starlette\_exception_handler.py:42: in wrapped_app
    await app(scope, receive, sender)
venv\Lib\site-packages\fastapi\routing.py:136: in app
    response = await f(request)
               ^^^^^^^^^^^^^^^^
venv\Lib\site-packages\fastapi\routing.py:690: in app
    raw_response = await run_endpoint_function(
venv\Lib\site-packages\fastapi\routing.py:344: in run_endpoint_function
    return await dependant.call(**values)
           ^^^^^^^^^^^^^^^^^^^^^^^^^^^^^^
app\serving\api\v1\endpoints\auth.py:40: in register
    await db.flush()
venv\Lib\site-packages\sqlalchemy\ext\asyncio\session.py:786: in flush
    await greenlet_spawn(self.sync_session.flush, objects=objects)
venv\Lib\site-packages\sqlalchemy\util\_concurrency_py3k.py:203: in greenlet_spawn
    result = context.switch(value)
             ^^^^^^^^^^^^^^^^^^^^^
venv\Lib\site-packages\sqlalchemy\orm\session.py:4353: in flush
    self._flush(objects)
venv\Lib\site-packages\sqlalchemy\orm\session.py:4488: in _flush
    with util.safe_reraise():
         ^^^^^^^^^^^^^^^^^^^
venv\Lib\site-packages\sqlalchemy\util\langhelpers.py:122: in __exit__
    raise exc_value.with_traceback(exc_tb)
venv\Lib\site-packages\sqlalchemy\orm\session.py:4449: in _flush
    flush_context.execute()
venv\Lib\site-packages\sqlalchemy\orm\unitofwork.py:465: in execute
    rec.execute(self)
venv\Lib\site-packages\sqlalchemy\orm\unitofwork.py:641: in execute
    util.preloaded.orm_persistence.save_obj(
venv\Lib\site-packages\sqlalchemy\orm\persistence.py:94: in save_obj
    _emit_insert_statements(
venv\Lib\site-packages\sqlalchemy\orm\persistence.py:1234: in _emit_insert_statements
    result = connection.execute(
venv\Lib\site-packages\sqlalchemy\engine\base.py:1421: in execute
    return meth(
venv\Lib\site-packages\sqlalchemy\sql\elements.py:526: in _execute_on_connection
    return connection._execute_clauseelement(
venv\Lib\site-packages\sqlalchemy\engine\base.py:1643: in _execute_clauseelement
    ret = self._execute_context(
venv\Lib\site-packages\sqlalchemy\engine\base.py:1848: in _execute_context
    return self._exec_single_context(
venv\Lib\site-packages\sqlalchemy\engine\base.py:1988: in _exec_single_context
    self._handle_dbapi_exception(
venv\Lib\site-packages\sqlalchemy\engine\base.py:2365: in _handle_dbapi_exception
    raise sqlalchemy_exception.with_traceback(exc_info[2]) from e
venv\Lib\site-packages\sqlalchemy\engine\base.py:1969: in _exec_single_context
    self.dialect.do_execute(
venv\Lib\site-packages\sqlalchemy\engine\default.py:952: in do_execute
    cursor.execute(statement, parameters)
venv\Lib\site-packages\sqlalchemy\dialects\sqlite\aiosqlite.py:183: in execute
    self._adapt_connection._handle_exception(error)
venv\Lib\site-packages\sqlalchemy\dialects\sqlite\aiosqlite.py:343: in _handle_exception
    raise error
venv\Lib\site-packages\sqlalchemy\dialects\sqlite\aiosqlite.py:165: in execute
    self.await_(_cursor.execute(operation, parameters))
venv\Lib\site-packages\sqlalchemy\util\_concurrency_py3k.py:132: in await_only
    return current.parent.switch(awaitable)  # type: ignore[no-any-return,attr-defined] # noqa: E501
           ^^^^^^^^^^^^^^^^^^^^^^^^^^^^^^^^
venv\Lib\site-packages\sqlalchemy\util\_concurrency_py3k.py:196: in greenlet_spawn
    value = await result
            ^^^^^^^^^^^^
venv\Lib\site-packages\aiosqlite\cursor.py:40: in execute
    await self._execute(self._cursor.execute, sql, parameters)
venv\Lib\site-packages\aiosqlite\cursor.py:32: in _execute
    return await self._conn._execute(fn, *args, **kwargs)
           ^^^^^^^^^^^^^^^^^^^^^^^^^^^^^^^^^^^^^^^^^^^^^^
venv\Lib\site-packages\aiosqlite\core.py:160: in _execute
    return await future
           ^^^^^^^^^^^^
venv\Lib\site-packages\aiosqlite\core.py:63: in _connection_worker_thread
    result = function()
             ^^^^^^^^^^
E   sqlalchemy.exc.OperationalError: (sqlite3.OperationalError) database is locked
E   [SQL: INSERT INTO users (id, username, email, hashed_password, role_id, status, failed_login_attempts, account_locked_until, last_login, mfa_enabled, mfa_secret, version, created_at, updated_at) VALUES (?, ?, ?, ?, ?, ?, ?, ?, ?, ?, ?, ?, ?, ?)]
E   [parameters: ('2cd5bbfc-167f-4ad7-a365-e063e68e3ca6', 'user_a35524e3', 'user_a35524e3@example.com', '$2b$12$axUn8XhPD.Vn67zVPv4vhuSaR9pAz2K2HXoSR3IS1E0.GyZo9jBPO', '7074d6e9-207b-4ab7-8dd1-03ea22df383e', 'ACTIVE', 0, None, None, 0, None, 1, '2026-07-10 07:06:26.891492', '2026-07-10 07:06:26.891507')]
E   (Background on this error at: https://sqlalche.me/e/20/e3q8)
---------------------------- Captured stdout setup ----------------------------
2026-07-10 12:36:25 - app.storage.database - INFO - [init_db] Successfully initialized database tables.
----------------------------- Captured log setup ------------------------------
INFO     app.storage.database:database.py:89 Successfully initialized database tables.
---------------------------- Captured stdout call -----------------------------
2026-07-10 12:36:32 - app.storage.database - ERROR - [get_db] Database Operational Error (e.g. timeout, connection loss): (sqlite3.OperationalError) database is locked
[SQL: INSERT INTO users (id, username, email, hashed_password, role_id, status, failed_login_attempts, account_locked_until, last_login, mfa_enabled, mfa_secret, version, created_at, updated_at) VALUES (?, ?, ?, ?, ?, ?, ?, ?, ?, ?, ?, ?, ?, ?)]
[parameters: ('2cd5bbfc-167f-4ad7-a365-e063e68e3ca6', 'user_a35524e3', 'user_a35524e3@example.com', '$2b$12$axUn8XhPD.Vn67zVPv4vhuSaR9pAz2K2HXoSR3IS1E0.GyZo9jBPO', '7074d6e9-207b-4ab7-8dd1-03ea22df383e', 'ACTIVE', 0, None, None, 0, None, 1, '2026-07-10 07:06:26.891492', '2026-07-10 07:06:26.891507')]
(Background on this error at: https://sqlalche.me/e/20/e3q8)
------------------------------ Captured log call ------------------------------
ERROR    app.storage.database:database.py:71 Database Operational Error (e.g. timeout, connection loss): (sqlite3.OperationalError) database is locked
[SQL: INSERT INTO users (id, username, email, hashed_password, role_id, status, failed_login_attempts, account_locked_until, last_login, mfa_enabled, mfa_secret, version, created_at, updated_at) VALUES (?, ?, ?, ?, ?, ?, ?, ?, ?, ?, ?, ?, ?, ?)]
[parameters: ('2cd5bbfc-167f-4ad7-a365-e063e68e3ca6', 'user_a35524e3', 'user_a35524e3@example.com', '$2b$12$axUn8XhPD.Vn67zVPv4vhuSaR9pAz2K2HXoSR3IS1E0.GyZo9jBPO', '7074d6e9-207b-4ab7-8dd1-03ea22df383e', 'ACTIVE', 0, None, None, 0, None, 1, '2026-07-10 07:06:26.891492', '2026-07-10 07:06:26.891507')]
(Background on this error at: https://sqlalche.me/e/20/e3q8)
______________________________ test_me_endpoint _______________________________
venv\Lib\site-packages\sqlalchemy\engine\base.py:1969: in _exec_single_context
    self.dialect.do_execute(
venv\Lib\site-packages\sqlalchemy\engine\default.py:952: in do_execute
    cursor.execute(statement, parameters)
venv\Lib\site-packages\sqlalchemy\dialects\sqlite\aiosqlite.py:183: in execute
    self._adapt_connection._handle_exception(error)
venv\Lib\site-packages\sqlalchemy\dialects\sqlite\aiosqlite.py:343: in _handle_exception
    raise error
venv\Lib\site-packages\sqlalchemy\dialects\sqlite\aiosqlite.py:165: in execute
    self.await_(_cursor.execute(operation, parameters))
venv\Lib\site-packages\sqlalchemy\util\_concurrency_py3k.py:132: in await_only
    return current.parent.switch(awaitable)  # type: ignore[no-any-return,attr-defined] # noqa: E501
           ^^^^^^^^^^^^^^^^^^^^^^^^^^^^^^^^
venv\Lib\site-packages\sqlalchemy\util\_concurrency_py3k.py:196: in greenlet_spawn
    value = await result
            ^^^^^^^^^^^^
venv\Lib\site-packages\aiosqlite\cursor.py:40: in execute
    await self._execute(self._cursor.execute, sql, parameters)
venv\Lib\site-packages\aiosqlite\cursor.py:32: in _execute
    return await self._conn._execute(fn, *args, **kwargs)
           ^^^^^^^^^^^^^^^^^^^^^^^^^^^^^^^^^^^^^^^^^^^^^^
venv\Lib\site-packages\aiosqlite\core.py:160: in _execute
    return await future
           ^^^^^^^^^^^^
venv\Lib\site-packages\aiosqlite\core.py:63: in _connection_worker_thread
    result = function()
             ^^^^^^^^^^
E   sqlite3.OperationalError: database is locked

The above exception was the direct cause of the following exception:
tests\test_auth.py:53: in test_me_endpoint
    login_resp = await async_client.post("/api/v1/auth/login", json={
venv\Lib\site-packages\httpx\_client.py:1859: in post
    return await self.request(
venv\Lib\site-packages\httpx\_client.py:1540: in request
    return await self.send(request, auth=auth, follow_redirects=follow_redirects)
           ^^^^^^^^^^^^^^^^^^^^^^^^^^^^^^^^^^^^^^^^^^^^^^^^^^^^^^^^^^^^^^^^^^^^^^
venv\Lib\site-packages\httpx\_client.py:1629: in send
    response = await self._send_handling_auth(
venv\Lib\site-packages\httpx\_client.py:1657: in _send_handling_auth
    response = await self._send_handling_redirects(
venv\Lib\site-packages\httpx\_client.py:1694: in _send_handling_redirects
    response = await self._send_single_request(request)
               ^^^^^^^^^^^^^^^^^^^^^^^^^^^^^^^^^^^^^^^^
venv\Lib\site-packages\httpx\_client.py:1730: in _send_single_request
    response = await transport.handle_async_request(request)
               ^^^^^^^^^^^^^^^^^^^^^^^^^^^^^^^^^^^^^^^^^^^^^
venv\Lib\site-packages\httpx\_transports\asgi.py:170: in handle_async_request
    await self.app(scope, receive, send)
venv\Lib\site-packages\fastapi\applications.py:1163: in __call__
    await super().__call__(scope, receive, send)
venv\Lib\site-packages\starlette\applications.py:90: in __call__
    await self.middleware_stack(scope, receive, send)
venv\Lib\site-packages\starlette\middleware\errors.py:186: in __call__
    raise exc
venv\Lib\site-packages\starlette\middleware\errors.py:164: in __call__
    await self.app(scope, receive, _send)
venv\Lib\site-packages\starlette\middleware\base.py:193: in __call__
    response = await self.dispatch_func(request, call_next)
               ^^^^^^^^^^^^^^^^^^^^^^^^^^^^^^^^^^^^^^^^^^^^
app\monitoring\middleware.py:29: in monitoring_middleware
    response = await call_next(request)
               ^^^^^^^^^^^^^^^^^^^^^^^^
venv\Lib\site-packages\starlette\middleware\base.py:168: in call_next
    raise app_exc from app_exc.__cause__ or app_exc.__context__
venv\Lib\site-packages\starlette\middleware\base.py:144: in coro
    await self.app(scope, receive_or_disconnect, send_no_error)
venv\Lib\site-packages\starlette\middleware\base.py:193: in __call__
    response = await self.dispatch_func(request, call_next)
               ^^^^^^^^^^^^^^^^^^^^^^^^^^^^^^^^^^^^^^^^^^^^
app\security\middleware.py:9: in dispatch
    response: Response = await call_next(request)
                         ^^^^^^^^^^^^^^^^^^^^^^^^
venv\Lib\site-packages\starlette\middleware\base.py:168: in call_next
    raise app_exc from app_exc.__cause__ or app_exc.__context__
venv\Lib\site-packages\starlette\middleware\base.py:144: in coro
    await self.app(scope, receive_or_disconnect, send_no_error)
venv\Lib\site-packages\starlette\middleware\cors.py:88: in __call__
    await self.app(scope, receive, send)
venv\Lib\site-packages\starlette\middleware\exceptions.py:63: in __call__
    await wrap_app_handling_exceptions(self.app, conn)(scope, receive, send)
venv\Lib\site-packages\starlette\_exception_handler.py:53: in wrapped_app
    raise exc
venv\Lib\site-packages\starlette\_exception_handler.py:42: in wrapped_app
    await app(scope, receive, sender)
venv\Lib\site-packages\fastapi\middleware\asyncexitstack.py:18: in __call__
    await self.app(scope, receive, send)
venv\Lib\site-packages\starlette\routing.py:660: in __call__
    await self.middleware_stack(scope, receive, send)
venv\Lib\site-packages\fastapi\routing.py:2683: in app
    await route.handle(scope, receive, send)
venv\Lib\site-packages\fastapi\routing.py:1753: in handle
    await self.original_router.handle(scope, receive, send)
venv\Lib\site-packages\fastapi\routing.py:2738: in handle
    await included_router._handle_selected(scope, receive, send)
venv\Lib\site-packages\fastapi\routing.py:1764: in _handle_selected
    await route.handle(scope, receive, send)
venv\Lib\site-packages\fastapi\routing.py:1753: in handle
    await self.original_router.handle(scope, receive, send)
venv\Lib\site-packages\fastapi\routing.py:2738: in handle
    await included_router._handle_selected(scope, receive, send)
venv\Lib\site-packages\fastapi\routing.py:1773: in _handle_selected
    await original_route.handle(scope, receive, send)
venv\Lib\site-packages\fastapi\routing.py:1264: in handle
    await app(scope, receive, send)
venv\Lib\site-packages\fastapi\routing.py:150: in app
    await wrap_app_handling_exceptions(app, request)(scope, receive, send)
venv\Lib\site-packages\starlette\_exception_handler.py:53: in wrapped_app
    raise exc
venv\Lib\site-packages\starlette\_exception_handler.py:42: in wrapped_app
    await app(scope, receive, sender)
venv\Lib\site-packages\fastapi\routing.py:136: in app
    response = await f(request)
               ^^^^^^^^^^^^^^^^
venv\Lib\site-packages\fastapi\routing.py:690: in app
    raw_response = await run_endpoint_function(
venv\Lib\site-packages\fastapi\routing.py:344: in run_endpoint_function
    return await dependant.call(**values)
           ^^^^^^^^^^^^^^^^^^^^^^^^^^^^^^
app\serving\api\v1\endpoints\auth.py:119: in login
    await AuditLogger.record(db, AuditEvent(
app\monitoring\audit.py:44: in record
    await audit_service.record(event)
app\services\audit.py:11: in record
    await self.repository.create({
app\storage\repositories\base.py:66: in create
    await self.session.flush()
venv\Lib\site-packages\sqlalchemy\ext\asyncio\session.py:786: in flush
    await greenlet_spawn(self.sync_session.flush, objects=objects)
venv\Lib\site-packages\sqlalchemy\util\_concurrency_py3k.py:203: in greenlet_spawn
    result = context.switch(value)
             ^^^^^^^^^^^^^^^^^^^^^
venv\Lib\site-packages\sqlalchemy\orm\session.py:4353: in flush
    self._flush(objects)
venv\Lib\site-packages\sqlalchemy\orm\session.py:4488: in _flush
    with util.safe_reraise():
         ^^^^^^^^^^^^^^^^^^^
venv\Lib\site-packages\sqlalchemy\util\langhelpers.py:122: in __exit__
    raise exc_value.with_traceback(exc_tb)
venv\Lib\site-packages\sqlalchemy\orm\session.py:4449: in _flush
    flush_context.execute()
venv\Lib\site-packages\sqlalchemy\orm\unitofwork.py:465: in execute
    rec.execute(self)
venv\Lib\site-packages\sqlalchemy\orm\unitofwork.py:641: in execute
    util.preloaded.orm_persistence.save_obj(
venv\Lib\site-packages\sqlalchemy\orm\persistence.py:94: in save_obj
    _emit_insert_statements(
venv\Lib\site-packages\sqlalchemy\orm\persistence.py:1234: in _emit_insert_statements
    result = connection.execute(
venv\Lib\site-packages\sqlalchemy\engine\base.py:1421: in execute
    return meth(
venv\Lib\site-packages\sqlalchemy\sql\elements.py:526: in _execute_on_connection
    return connection._execute_clauseelement(
venv\Lib\site-packages\sqlalchemy\engine\base.py:1643: in _execute_clauseelement
    ret = self._execute_context(
venv\Lib\site-packages\sqlalchemy\engine\base.py:1848: in _execute_context
    return self._exec_single_context(
venv\Lib\site-packages\sqlalchemy\engine\base.py:1988: in _exec_single_context
    self._handle_dbapi_exception(
venv\Lib\site-packages\sqlalchemy\engine\base.py:2365: in _handle_dbapi_exception
    raise sqlalchemy_exception.with_traceback(exc_info[2]) from e
venv\Lib\site-packages\sqlalchemy\engine\base.py:1969: in _exec_single_context
    self.dialect.do_execute(
venv\Lib\site-packages\sqlalchemy\engine\default.py:952: in do_execute
    cursor.execute(statement, parameters)
venv\Lib\site-packages\sqlalchemy\dialects\sqlite\aiosqlite.py:183: in execute
    self._adapt_connection._handle_exception(error)
venv\Lib\site-packages\sqlalchemy\dialects\sqlite\aiosqlite.py:343: in _handle_exception
    raise error
venv\Lib\site-packages\sqlalchemy\dialects\sqlite\aiosqlite.py:165: in execute
    self.await_(_cursor.execute(operation, parameters))
venv\Lib\site-packages\sqlalchemy\util\_concurrency_py3k.py:132: in await_only
    return current.parent.switch(awaitable)  # type: ignore[no-any-return,attr-defined] # noqa: E501
           ^^^^^^^^^^^^^^^^^^^^^^^^^^^^^^^^
venv\Lib\site-packages\sqlalchemy\util\_concurrency_py3k.py:196: in greenlet_spawn
    value = await result
            ^^^^^^^^^^^^
venv\Lib\site-packages\aiosqlite\cursor.py:40: in execute
    await self._execute(self._cursor.execute, sql, parameters)
venv\Lib\site-packages\aiosqlite\cursor.py:32: in _execute
    return await self._conn._execute(fn, *args, **kwargs)
           ^^^^^^^^^^^^^^^^^^^^^^^^^^^^^^^^^^^^^^^^^^^^^^
venv\Lib\site-packages\aiosqlite\core.py:160: in _execute
    return await future
           ^^^^^^^^^^^^
venv\Lib\site-packages\aiosqlite\core.py:63: in _connection_worker_thread
    result = function()
             ^^^^^^^^^^
E   sqlalchemy.exc.OperationalError: (sqlite3.OperationalError) database is locked
E   [SQL: INSERT INTO audit_logs (id, event_name, component, severity, payload, pipeline_run_id, status, version, created_at, updated_at) VALUES (?, ?, ?, ?, ?, ?, ?, ?, ?, ?)]
E   [parameters: ('2005f4e4-34c9-466e-a274-2180ce299dce', 'LOGIN_SUCCESS', 'AuthAPI', 'INFO', '{"username": "user_b7ff04af", "ip_address": "10.0.0.101"}', None, 'RECORDED', 1, '2026-07-10 07:06:49.655429', '2026-07-10 07:06:49.655435')]
E   (Background on this error at: https://sqlalche.me/e/20/e3q8)
---------------------------- Captured stdout setup ----------------------------
2026-07-10 12:36:41 - app.storage.database - INFO - [init_db] Successfully initialized database tables.
----------------------------- Captured log setup ------------------------------
INFO     app.storage.database:database.py:89 Successfully initialized database tables.
---------------------------- Captured stdout call -----------------------------
2026-07-10 12:36:46 - app.cache.redis_client - INFO - [connect] Successfully connected to Redis Cloud (redis://***@cup-calculator-relation-56972.db.redis.io:14389) with pool size 10.
2026-07-10 12:36:55 - app.storage.database - ERROR - [get_db] Database Operational Error (e.g. timeout, connection loss): (sqlite3.OperationalError) database is locked
[SQL: INSERT INTO audit_logs (id, event_name, component, severity, payload, pipeline_run_id, status, version, created_at, updated_at) VALUES (?, ?, ?, ?, ?, ?, ?, ?, ?, ?)]
[parameters: ('2005f4e4-34c9-466e-a274-2180ce299dce', 'LOGIN_SUCCESS', 'AuthAPI', 'INFO', '{"username": "user_b7ff04af", "ip_address": "10.0.0.101"}', None, 'RECORDED', 1, '2026-07-10 07:06:49.655429', '2026-07-10 07:06:49.655435')]
(Background on this error at: https://sqlalche.me/e/20/e3q8)
------------------------------ Captured log call ------------------------------
INFO     app.cache.redis_client:redis_client.py:136 Successfully connected to Redis Cloud (redis://***@cup-calculator-relation-56972.db.redis.io:14389) with pool size 10.
ERROR    app.storage.database:database.py:71 Database Operational Error (e.g. timeout, connection loss): (sqlite3.OperationalError) database is locked
[SQL: INSERT INTO audit_logs (id, event_name, component, severity, payload, pipeline_run_id, status, version, created_at, updated_at) VALUES (?, ?, ?, ?, ?, ?, ?, ?, ?, ?)]
[parameters: ('2005f4e4-34c9-466e-a274-2180ce299dce', 'LOGIN_SUCCESS', 'AuthAPI', 'INFO', '{"username": "user_b7ff04af", "ip_address": "10.0.0.101"}', None, 'RECORDED', 1, '2026-07-10 07:06:49.655429', '2026-07-10 07:06:49.655435')]
(Background on this error at: https://sqlalche.me/e/20/e3q8)
________________________________ test_api_keys ________________________________
venv\Lib\site-packages\sqlalchemy\engine\base.py:1969: in _exec_single_context
    self.dialect.do_execute(
venv\Lib\site-packages\sqlalchemy\engine\default.py:952: in do_execute
    cursor.execute(statement, parameters)
venv\Lib\site-packages\sqlalchemy\dialects\sqlite\aiosqlite.py:183: in execute
    self._adapt_connection._handle_exception(error)
venv\Lib\site-packages\sqlalchemy\dialects\sqlite\aiosqlite.py:343: in _handle_exception
    raise error
venv\Lib\site-packages\sqlalchemy\dialects\sqlite\aiosqlite.py:165: in execute
    self.await_(_cursor.execute(operation, parameters))
venv\Lib\site-packages\sqlalchemy\util\_concurrency_py3k.py:132: in await_only
    return current.parent.switch(awaitable)  # type: ignore[no-any-return,attr-defined] # noqa: E501
           ^^^^^^^^^^^^^^^^^^^^^^^^^^^^^^^^
venv\Lib\site-packages\sqlalchemy\util\_concurrency_py3k.py:196: in greenlet_spawn
    value = await result
            ^^^^^^^^^^^^
venv\Lib\site-packages\aiosqlite\cursor.py:40: in execute
    await self._execute(self._cursor.execute, sql, parameters)
venv\Lib\site-packages\aiosqlite\cursor.py:32: in _execute
    return await self._conn._execute(fn, *args, **kwargs)
           ^^^^^^^^^^^^^^^^^^^^^^^^^^^^^^^^^^^^^^^^^^^^^^
venv\Lib\site-packages\aiosqlite\core.py:160: in _execute
    return await future
           ^^^^^^^^^^^^
venv\Lib\site-packages\aiosqlite\core.py:63: in _connection_worker_thread
    result = function()
             ^^^^^^^^^^
E   sqlite3.OperationalError: database is locked

The above exception was the direct cause of the following exception:
tests\test_auth.py:69: in test_api_keys
    await async_client.post("/api/v1/auth/register", json={"username": username, "email": email, "password": "EnterprisePassword1!"})
venv\Lib\site-packages\httpx\_client.py:1859: in post
    return await self.request(
venv\Lib\site-packages\httpx\_client.py:1540: in request
    return await self.send(request, auth=auth, follow_redirects=follow_redirects)
           ^^^^^^^^^^^^^^^^^^^^^^^^^^^^^^^^^^^^^^^^^^^^^^^^^^^^^^^^^^^^^^^^^^^^^^
venv\Lib\site-packages\httpx\_client.py:1629: in send
    response = await self._send_handling_auth(
venv\Lib\site-packages\httpx\_client.py:1657: in _send_handling_auth
    response = await self._send_handling_redirects(
venv\Lib\site-packages\httpx\_client.py:1694: in _send_handling_redirects
    response = await self._send_single_request(request)
               ^^^^^^^^^^^^^^^^^^^^^^^^^^^^^^^^^^^^^^^^
venv\Lib\site-packages\httpx\_client.py:1730: in _send_single_request
    response = await transport.handle_async_request(request)
               ^^^^^^^^^^^^^^^^^^^^^^^^^^^^^^^^^^^^^^^^^^^^^
venv\Lib\site-packages\httpx\_transports\asgi.py:170: in handle_async_request
    await self.app(scope, receive, send)
venv\Lib\site-packages\fastapi\applications.py:1163: in __call__
    await super().__call__(scope, receive, send)
venv\Lib\site-packages\starlette\applications.py:90: in __call__
    await self.middleware_stack(scope, receive, send)
venv\Lib\site-packages\starlette\middleware\errors.py:186: in __call__
    raise exc
venv\Lib\site-packages\starlette\middleware\errors.py:164: in __call__
    await self.app(scope, receive, _send)
venv\Lib\site-packages\starlette\middleware\base.py:193: in __call__
    response = await self.dispatch_func(request, call_next)
               ^^^^^^^^^^^^^^^^^^^^^^^^^^^^^^^^^^^^^^^^^^^^
app\monitoring\middleware.py:29: in monitoring_middleware
    response = await call_next(request)
               ^^^^^^^^^^^^^^^^^^^^^^^^
venv\Lib\site-packages\starlette\middleware\base.py:168: in call_next
    raise app_exc from app_exc.__cause__ or app_exc.__context__
venv\Lib\site-packages\starlette\middleware\base.py:144: in coro
    await self.app(scope, receive_or_disconnect, send_no_error)
venv\Lib\site-packages\starlette\middleware\base.py:193: in __call__
    response = await self.dispatch_func(request, call_next)
               ^^^^^^^^^^^^^^^^^^^^^^^^^^^^^^^^^^^^^^^^^^^^
app\security\middleware.py:9: in dispatch
    response: Response = await call_next(request)
                         ^^^^^^^^^^^^^^^^^^^^^^^^
venv\Lib\site-packages\starlette\middleware\base.py:168: in call_next
    raise app_exc from app_exc.__cause__ or app_exc.__context__
venv\Lib\site-packages\starlette\middleware\base.py:144: in coro
    await self.app(scope, receive_or_disconnect, send_no_error)
venv\Lib\site-packages\starlette\middleware\cors.py:88: in __call__
    await self.app(scope, receive, send)
venv\Lib\site-packages\starlette\middleware\exceptions.py:63: in __call__
    await wrap_app_handling_exceptions(self.app, conn)(scope, receive, send)
venv\Lib\site-packages\starlette\_exception_handler.py:53: in wrapped_app
    raise exc
venv\Lib\site-packages\starlette\_exception_handler.py:42: in wrapped_app
    await app(scope, receive, sender)
venv\Lib\site-packages\fastapi\middleware\asyncexitstack.py:18: in __call__
    await self.app(scope, receive, send)
venv\Lib\site-packages\starlette\routing.py:660: in __call__
    await self.middleware_stack(scope, receive, send)
venv\Lib\site-packages\fastapi\routing.py:2683: in app
    await route.handle(scope, receive, send)
venv\Lib\site-packages\fastapi\routing.py:1753: in handle
    await self.original_router.handle(scope, receive, send)
venv\Lib\site-packages\fastapi\routing.py:2738: in handle
    await included_router._handle_selected(scope, receive, send)
venv\Lib\site-packages\fastapi\routing.py:1764: in _handle_selected
    await route.handle(scope, receive, send)
venv\Lib\site-packages\fastapi\routing.py:1753: in handle
    await self.original_router.handle(scope, receive, send)
venv\Lib\site-packages\fastapi\routing.py:2738: in handle
    await included_router._handle_selected(scope, receive, send)
venv\Lib\site-packages\fastapi\routing.py:1773: in _handle_selected
    await original_route.handle(scope, receive, send)
venv\Lib\site-packages\fastapi\routing.py:1264: in handle
    await app(scope, receive, send)
venv\Lib\site-packages\fastapi\routing.py:150: in app
    await wrap_app_handling_exceptions(app, request)(scope, receive, send)
venv\Lib\site-packages\starlette\_exception_handler.py:53: in wrapped_app
    raise exc
venv\Lib\site-packages\starlette\_exception_handler.py:42: in wrapped_app
    await app(scope, receive, sender)
venv\Lib\site-packages\fastapi\routing.py:136: in app
    response = await f(request)
               ^^^^^^^^^^^^^^^^
venv\Lib\site-packages\fastapi\routing.py:690: in app
    raw_response = await run_endpoint_function(
venv\Lib\site-packages\fastapi\routing.py:344: in run_endpoint_function
    return await dependant.call(**values)
           ^^^^^^^^^^^^^^^^^^^^^^^^^^^^^^
app\serving\api\v1\endpoints\auth.py:40: in register
    await db.flush()
venv\Lib\site-packages\sqlalchemy\ext\asyncio\session.py:786: in flush
    await greenlet_spawn(self.sync_session.flush, objects=objects)
venv\Lib\site-packages\sqlalchemy\util\_concurrency_py3k.py:203: in greenlet_spawn
    result = context.switch(value)
             ^^^^^^^^^^^^^^^^^^^^^
venv\Lib\site-packages\sqlalchemy\orm\session.py:4353: in flush
    self._flush(objects)
venv\Lib\site-packages\sqlalchemy\orm\session.py:4488: in _flush
    with util.safe_reraise():
         ^^^^^^^^^^^^^^^^^^^
venv\Lib\site-packages\sqlalchemy\util\langhelpers.py:122: in __exit__
    raise exc_value.with_traceback(exc_tb)
venv\Lib\site-packages\sqlalchemy\orm\session.py:4449: in _flush
    flush_context.execute()
venv\Lib\site-packages\sqlalchemy\orm\unitofwork.py:465: in execute
    rec.execute(self)
venv\Lib\site-packages\sqlalchemy\orm\unitofwork.py:641: in execute
    util.preloaded.orm_persistence.save_obj(
venv\Lib\site-packages\sqlalchemy\orm\persistence.py:94: in save_obj
    _emit_insert_statements(
venv\Lib\site-packages\sqlalchemy\orm\persistence.py:1234: in _emit_insert_statements
    result = connection.execute(
venv\Lib\site-packages\sqlalchemy\engine\base.py:1421: in execute
    return meth(
venv\Lib\site-packages\sqlalchemy\sql\elements.py:526: in _execute_on_connection
    return connection._execute_clauseelement(
venv\Lib\site-packages\sqlalchemy\engine\base.py:1643: in _execute_clauseelement
    ret = self._execute_context(
venv\Lib\site-packages\sqlalchemy\engine\base.py:1848: in _execute_context
    return self._exec_single_context(
venv\Lib\site-packages\sqlalchemy\engine\base.py:1988: in _exec_single_context
    self._handle_dbapi_exception(
venv\Lib\site-packages\sqlalchemy\engine\base.py:2365: in _handle_dbapi_exception
    raise sqlalchemy_exception.with_traceback(exc_info[2]) from e
venv\Lib\site-packages\sqlalchemy\engine\base.py:1969: in _exec_single_context
    self.dialect.do_execute(
venv\Lib\site-packages\sqlalchemy\engine\default.py:952: in do_execute
    cursor.execute(statement, parameters)
venv\Lib\site-packages\sqlalchemy\dialects\sqlite\aiosqlite.py:183: in execute
    self._adapt_connection._handle_exception(error)
venv\Lib\site-packages\sqlalchemy\dialects\sqlite\aiosqlite.py:343: in _handle_exception
    raise error
venv\Lib\site-packages\sqlalchemy\dialects\sqlite\aiosqlite.py:165: in execute
    self.await_(_cursor.execute(operation, parameters))
venv\Lib\site-packages\sqlalchemy\util\_concurrency_py3k.py:132: in await_only
    return current.parent.switch(awaitable)  # type: ignore[no-any-return,attr-defined] # noqa: E501
           ^^^^^^^^^^^^^^^^^^^^^^^^^^^^^^^^
venv\Lib\site-packages\sqlalchemy\util\_concurrency_py3k.py:196: in greenlet_spawn
    value = await result
            ^^^^^^^^^^^^
venv\Lib\site-packages\aiosqlite\cursor.py:40: in execute
    await self._execute(self._cursor.execute, sql, parameters)
venv\Lib\site-packages\aiosqlite\cursor.py:32: in _execute
    return await self._conn._execute(fn, *args, **kwargs)
           ^^^^^^^^^^^^^^^^^^^^^^^^^^^^^^^^^^^^^^^^^^^^^^
venv\Lib\site-packages\aiosqlite\core.py:160: in _execute
    return await future
           ^^^^^^^^^^^^
venv\Lib\site-packages\aiosqlite\core.py:63: in _connection_worker_thread
    result = function()
             ^^^^^^^^^^
E   sqlalchemy.exc.OperationalError: (sqlite3.OperationalError) database is locked
E   [SQL: INSERT INTO users (id, username, email, hashed_password, role_id, status, failed_login_attempts, account_locked_until, last_login, mfa_enabled, mfa_secret, version, created_at, updated_at) VALUES (?, ?, ?, ?, ?, ?, ?, ?, ?, ?, ?, ?, ?, ?)]
E   [parameters: ('385d15cd-adbb-4a93-9144-8986f08eb64d', 'user_8ed71622', 'user_8ed71622@example.com', '$2b$12$ruxjk/zfXoT7e3p4lLmacuDvC0BXa3f8SWA.JduHIlh6sZ3ONg.we', '7074d6e9-207b-4ab7-8dd1-03ea22df383e', 'ACTIVE', 0, None, None, 0, None, 1, '2026-07-10 07:06:59.948769', '2026-07-10 07:06:59.948781')]
E   (Background on this error at: https://sqlalche.me/e/20/e3q8)
---------------------------- Captured stdout setup ----------------------------
2026-07-10 12:36:59 - app.storage.database - INFO - [init_db] Successfully initialized database tables.
----------------------------- Captured log setup ------------------------------
INFO     app.storage.database:database.py:89 Successfully initialized database tables.
---------------------------- Captured stdout call -----------------------------
2026-07-10 12:37:05 - app.storage.database - ERROR - [get_db] Database Operational Error (e.g. timeout, connection loss): (sqlite3.OperationalError) database is locked
[SQL: INSERT INTO users (id, username, email, hashed_password, role_id, status, failed_login_attempts, account_locked_until, last_login, mfa_enabled, mfa_secret, version, created_at, updated_at) VALUES (?, ?, ?, ?, ?, ?, ?, ?, ?, ?, ?, ?, ?, ?)]
[parameters: ('385d15cd-adbb-4a93-9144-8986f08eb64d', 'user_8ed71622', 'user_8ed71622@example.com', '$2b$12$ruxjk/zfXoT7e3p4lLmacuDvC0BXa3f8SWA.JduHIlh6sZ3ONg.we', '7074d6e9-207b-4ab7-8dd1-03ea22df383e', 'ACTIVE', 0, None, None, 0, None, 1, '2026-07-10 07:06:59.948769', '2026-07-10 07:06:59.948781')]
(Background on this error at: https://sqlalche.me/e/20/e3q8)
------------------------------ Captured log call ------------------------------
ERROR    app.storage.database:database.py:71 Database Operational Error (e.g. timeout, connection loss): (sqlite3.OperationalError) database is locked
[SQL: INSERT INTO users (id, username, email, hashed_password, role_id, status, failed_login_attempts, account_locked_until, last_login, mfa_enabled, mfa_secret, version, created_at, updated_at) VALUES (?, ?, ?, ?, ?, ?, ?, ?, ?, ?, ?, ?, ?, ?)]
[parameters: ('385d15cd-adbb-4a93-9144-8986f08eb64d', 'user_8ed71622', 'user_8ed71622@example.com', '$2b$12$ruxjk/zfXoT7e3p4lLmacuDvC0BXa3f8SWA.JduHIlh6sZ3ONg.we', '7074d6e9-207b-4ab7-8dd1-03ea22df383e', 'ACTIVE', 0, None, None, 0, None, 1, '2026-07-10 07:06:59.948769', '2026-07-10 07:06:59.948781')]
(Background on this error at: https://sqlalche.me/e/20/e3q8)
_________________ test_data_quality_service_baseline_creation _________________
venv\Lib\site-packages\sqlalchemy\engine\base.py:1969: in _exec_single_context
    self.dialect.do_execute(
venv\Lib\site-packages\sqlalchemy\engine\default.py:952: in do_execute
    cursor.execute(statement, parameters)
venv\Lib\site-packages\sqlalchemy\dialects\sqlite\aiosqlite.py:183: in execute
    self._adapt_connection._handle_exception(error)
venv\Lib\site-packages\sqlalchemy\dialects\sqlite\aiosqlite.py:343: in _handle_exception
    raise error
venv\Lib\site-packages\sqlalchemy\dialects\sqlite\aiosqlite.py:165: in execute
    self.await_(_cursor.execute(operation, parameters))
venv\Lib\site-packages\sqlalchemy\util\_concurrency_py3k.py:132: in await_only
    return current.parent.switch(awaitable)  # type: ignore[no-any-return,attr-defined] # noqa: E501
           ^^^^^^^^^^^^^^^^^^^^^^^^^^^^^^^^
venv\Lib\site-packages\sqlalchemy\util\_concurrency_py3k.py:196: in greenlet_spawn
    value = await result
            ^^^^^^^^^^^^
venv\Lib\site-packages\aiosqlite\cursor.py:40: in execute
    await self._execute(self._cursor.execute, sql, parameters)
venv\Lib\site-packages\aiosqlite\cursor.py:32: in _execute
    return await self._conn._execute(fn, *args, **kwargs)
           ^^^^^^^^^^^^^^^^^^^^^^^^^^^^^^^^^^^^^^^^^^^^^^
venv\Lib\site-packages\aiosqlite\core.py:160: in _execute
    return await future
           ^^^^^^^^^^^^
venv\Lib\site-packages\aiosqlite\core.py:63: in _connection_worker_thread
    result = function()
             ^^^^^^^^^^
E   sqlite3.OperationalError: database is locked

The above exception was the direct cause of the following exception:
tests\test_data_quality.py:23: in test_data_quality_service_baseline_creation
    await session.flush()
venv\Lib\site-packages\sqlalchemy\ext\asyncio\session.py:786: in flush
    await greenlet_spawn(self.sync_session.flush, objects=objects)
venv\Lib\site-packages\sqlalchemy\util\_concurrency_py3k.py:203: in greenlet_spawn
    result = context.switch(value)
             ^^^^^^^^^^^^^^^^^^^^^
venv\Lib\site-packages\sqlalchemy\orm\session.py:4353: in flush
    self._flush(objects)
venv\Lib\site-packages\sqlalchemy\orm\session.py:4488: in _flush
    with util.safe_reraise():
         ^^^^^^^^^^^^^^^^^^^
venv\Lib\site-packages\sqlalchemy\util\langhelpers.py:122: in __exit__
    raise exc_value.with_traceback(exc_tb)
venv\Lib\site-packages\sqlalchemy\orm\session.py:4449: in _flush
    flush_context.execute()
venv\Lib\site-packages\sqlalchemy\orm\unitofwork.py:465: in execute
    rec.execute(self)
venv\Lib\site-packages\sqlalchemy\orm\unitofwork.py:641: in execute
    util.preloaded.orm_persistence.save_obj(
venv\Lib\site-packages\sqlalchemy\orm\persistence.py:94: in save_obj
    _emit_insert_statements(
venv\Lib\site-packages\sqlalchemy\orm\persistence.py:1234: in _emit_insert_statements
    result = connection.execute(
venv\Lib\site-packages\sqlalchemy\engine\base.py:1421: in execute
    return meth(
venv\Lib\site-packages\sqlalchemy\sql\elements.py:526: in _execute_on_connection
    return connection._execute_clauseelement(
venv\Lib\site-packages\sqlalchemy\engine\base.py:1643: in _execute_clauseelement
    ret = self._execute_context(
venv\Lib\site-packages\sqlalchemy\engine\base.py:1848: in _execute_context
    return self._exec_single_context(
venv\Lib\site-packages\sqlalchemy\engine\base.py:1988: in _exec_single_context
    self._handle_dbapi_exception(
venv\Lib\site-packages\sqlalchemy\engine\base.py:2365: in _handle_dbapi_exception
    raise sqlalchemy_exception.with_traceback(exc_info[2]) from e
venv\Lib\site-packages\sqlalchemy\engine\base.py:1969: in _exec_single_context
    self.dialect.do_execute(
venv\Lib\site-packages\sqlalchemy\engine\default.py:952: in do_execute
    cursor.execute(statement, parameters)
venv\Lib\site-packages\sqlalchemy\dialects\sqlite\aiosqlite.py:183: in execute
    self._adapt_connection._handle_exception(error)
venv\Lib\site-packages\sqlalchemy\dialects\sqlite\aiosqlite.py:343: in _handle_exception
    raise error
venv\Lib\site-packages\sqlalchemy\dialects\sqlite\aiosqlite.py:165: in execute
    self.await_(_cursor.execute(operation, parameters))
venv\Lib\site-packages\sqlalchemy\util\_concurrency_py3k.py:132: in await_only
    return current.parent.switch(awaitable)  # type: ignore[no-any-return,attr-defined] # noqa: E501
           ^^^^^^^^^^^^^^^^^^^^^^^^^^^^^^^^
venv\Lib\site-packages\sqlalchemy\util\_concurrency_py3k.py:196: in greenlet_spawn
    value = await result
            ^^^^^^^^^^^^
venv\Lib\site-packages\aiosqlite\cursor.py:40: in execute
    await self._execute(self._cursor.execute, sql, parameters)
venv\Lib\site-packages\aiosqlite\cursor.py:32: in _execute
    return await self._conn._execute(fn, *args, **kwargs)
           ^^^^^^^^^^^^^^^^^^^^^^^^^^^^^^^^^^^^^^^^^^^^^^
venv\Lib\site-packages\aiosqlite\core.py:160: in _execute
    return await future
           ^^^^^^^^^^^^
venv\Lib\site-packages\aiosqlite\core.py:63: in _connection_worker_thread
    result = function()
             ^^^^^^^^^^
E   sqlalchemy.exc.OperationalError: (sqlite3.OperationalError) database is locked
E   [SQL: INSERT INTO datasets (id, name, description, inferred_dtypes, status, version, created_at, updated_at) VALUES (?, ?, ?, ?, ?, ?, ?, ?)]
E   [parameters: ('545ed7d4-b5ff-4734-91b9-6f2087433081', 'test_quality_dataset_79a1cd06', None, '{"id": "int64", "value": "float64", "category": "object"}', 'ACTIVE', 1, '2026-07-10 07:07:14.110864', '2026-07-10 07:07:14.110875')]
E   (Background on this error at: https://sqlalche.me/e/20/e3q8)
---------------------------- Captured stdout setup ----------------------------
2026-07-10 12:37:14 - app.storage.database - INFO - [init_db] Successfully initialized database tables.
----------------------------- Captured log setup ------------------------------
INFO     app.storage.database:database.py:89 Successfully initialized database tables.
_____________________ test_data_quality_critical_failure ______________________
venv\Lib\site-packages\sqlalchemy\engine\base.py:1969: in _exec_single_context
    self.dialect.do_execute(
venv\Lib\site-packages\sqlalchemy\engine\default.py:952: in do_execute
    cursor.execute(statement, parameters)
venv\Lib\site-packages\sqlalchemy\dialects\sqlite\aiosqlite.py:183: in execute
    self._adapt_connection._handle_exception(error)
venv\Lib\site-packages\sqlalchemy\dialects\sqlite\aiosqlite.py:343: in _handle_exception
    raise error
venv\Lib\site-packages\sqlalchemy\dialects\sqlite\aiosqlite.py:165: in execute
    self.await_(_cursor.execute(operation, parameters))
venv\Lib\site-packages\sqlalchemy\util\_concurrency_py3k.py:132: in await_only
    return current.parent.switch(awaitable)  # type: ignore[no-any-return,attr-defined] # noqa: E501
           ^^^^^^^^^^^^^^^^^^^^^^^^^^^^^^^^
venv\Lib\site-packages\sqlalchemy\util\_concurrency_py3k.py:196: in greenlet_spawn
    value = await result
            ^^^^^^^^^^^^
venv\Lib\site-packages\aiosqlite\cursor.py:40: in execute
    await self._execute(self._cursor.execute, sql, parameters)
venv\Lib\site-packages\aiosqlite\cursor.py:32: in _execute
    return await self._conn._execute(fn, *args, **kwargs)
           ^^^^^^^^^^^^^^^^^^^^^^^^^^^^^^^^^^^^^^^^^^^^^^
venv\Lib\site-packages\aiosqlite\core.py:160: in _execute
    return await future
           ^^^^^^^^^^^^
venv\Lib\site-packages\aiosqlite\core.py:63: in _connection_worker_thread
    result = function()
             ^^^^^^^^^^
E   sqlite3.OperationalError: database is locked

The above exception was the direct cause of the following exception:
tests\test_data_quality.py:72: in test_data_quality_critical_failure
    await session.flush()
venv\Lib\site-packages\sqlalchemy\ext\asyncio\session.py:786: in flush
    await greenlet_spawn(self.sync_session.flush, objects=objects)
venv\Lib\site-packages\sqlalchemy\util\_concurrency_py3k.py:203: in greenlet_spawn
    result = context.switch(value)
             ^^^^^^^^^^^^^^^^^^^^^
venv\Lib\site-packages\sqlalchemy\orm\session.py:4353: in flush
    self._flush(objects)
venv\Lib\site-packages\sqlalchemy\orm\session.py:4488: in _flush
    with util.safe_reraise():
         ^^^^^^^^^^^^^^^^^^^
venv\Lib\site-packages\sqlalchemy\util\langhelpers.py:122: in __exit__
    raise exc_value.with_traceback(exc_tb)
venv\Lib\site-packages\sqlalchemy\orm\session.py:4449: in _flush
    flush_context.execute()
venv\Lib\site-packages\sqlalchemy\orm\unitofwork.py:465: in execute
    rec.execute(self)
venv\Lib\site-packages\sqlalchemy\orm\unitofwork.py:641: in execute
    util.preloaded.orm_persistence.save_obj(
venv\Lib\site-packages\sqlalchemy\orm\persistence.py:94: in save_obj
    _emit_insert_statements(
venv\Lib\site-packages\sqlalchemy\orm\persistence.py:1234: in _emit_insert_statements
    result = connection.execute(
venv\Lib\site-packages\sqlalchemy\engine\base.py:1421: in execute
    return meth(
venv\Lib\site-packages\sqlalchemy\sql\elements.py:526: in _execute_on_connection
    return connection._execute_clauseelement(
venv\Lib\site-packages\sqlalchemy\engine\base.py:1643: in _execute_clauseelement
    ret = self._execute_context(
venv\Lib\site-packages\sqlalchemy\engine\base.py:1848: in _execute_context
    return self._exec_single_context(
venv\Lib\site-packages\sqlalchemy\engine\base.py:1988: in _exec_single_context
    self._handle_dbapi_exception(
venv\Lib\site-packages\sqlalchemy\engine\base.py:2365: in _handle_dbapi_exception
    raise sqlalchemy_exception.with_traceback(exc_info[2]) from e
venv\Lib\site-packages\sqlalchemy\engine\base.py:1969: in _exec_single_context
    self.dialect.do_execute(
venv\Lib\site-packages\sqlalchemy\engine\default.py:952: in do_execute
    cursor.execute(statement, parameters)
venv\Lib\site-packages\sqlalchemy\dialects\sqlite\aiosqlite.py:183: in execute
    self._adapt_connection._handle_exception(error)
venv\Lib\site-packages\sqlalchemy\dialects\sqlite\aiosqlite.py:343: in _handle_exception
    raise error
venv\Lib\site-packages\sqlalchemy\dialects\sqlite\aiosqlite.py:165: in execute
    self.await_(_cursor.execute(operation, parameters))
venv\Lib\site-packages\sqlalchemy\util\_concurrency_py3k.py:132: in await_only
    return current.parent.switch(awaitable)  # type: ignore[no-any-return,attr-defined] # noqa: E501
           ^^^^^^^^^^^^^^^^^^^^^^^^^^^^^^^^
venv\Lib\site-packages\sqlalchemy\util\_concurrency_py3k.py:196: in greenlet_spawn
    value = await result
            ^^^^^^^^^^^^
venv\Lib\site-packages\aiosqlite\cursor.py:40: in execute
    await self._execute(self._cursor.execute, sql, parameters)
venv\Lib\site-packages\aiosqlite\cursor.py:32: in _execute
    return await self._conn._execute(fn, *args, **kwargs)
           ^^^^^^^^^^^^^^^^^^^^^^^^^^^^^^^^^^^^^^^^^^^^^^
venv\Lib\site-packages\aiosqlite\core.py:160: in _execute
    return await future
           ^^^^^^^^^^^^
venv\Lib\site-packages\aiosqlite\core.py:63: in _connection_worker_thread
    result = function()
             ^^^^^^^^^^
E   sqlalchemy.exc.OperationalError: (sqlite3.OperationalError) database is locked
E   [SQL: INSERT INTO datasets (id, name, description, status, version, created_at, updated_at) VALUES (?, ?, ?, ?, ?, ?, ?)]
E   [parameters: ('daced343-9255-4f14-8543-5569c0f78fe6', 'test_failing_dataset_8c799f35', None, 'ACTIVE', 1, '2026-07-10 07:07:21.759117', '2026-07-10 07:07:21.759129')]
E   (Background on this error at: https://sqlalche.me/e/20/e3q8)
---------------------------- Captured stdout setup ----------------------------
2026-07-10 12:37:21 - app.storage.database - INFO - [init_db] Successfully initialized database tables.
----------------------------- Captured log setup ------------------------------
INFO     app.storage.database:database.py:89 Successfully initialized database tables.
__________________ test_explainability_background_generation __________________
venv\Lib\site-packages\sqlalchemy\engine\base.py:1969: in _exec_single_context
    self.dialect.do_execute(
venv\Lib\site-packages\sqlalchemy\engine\default.py:952: in do_execute
    cursor.execute(statement, parameters)
venv\Lib\site-packages\sqlalchemy\dialects\sqlite\aiosqlite.py:183: in execute
    self._adapt_connection._handle_exception(error)
venv\Lib\site-packages\sqlalchemy\dialects\sqlite\aiosqlite.py:343: in _handle_exception
    raise error
venv\Lib\site-packages\sqlalchemy\dialects\sqlite\aiosqlite.py:165: in execute
    self.await_(_cursor.execute(operation, parameters))
venv\Lib\site-packages\sqlalchemy\util\_concurrency_py3k.py:132: in await_only
    return current.parent.switch(awaitable)  # type: ignore[no-any-return,attr-defined] # noqa: E501
           ^^^^^^^^^^^^^^^^^^^^^^^^^^^^^^^^
venv\Lib\site-packages\sqlalchemy\util\_concurrency_py3k.py:196: in greenlet_spawn
    value = await result
            ^^^^^^^^^^^^
venv\Lib\site-packages\aiosqlite\cursor.py:40: in execute
    await self._execute(self._cursor.execute, sql, parameters)
venv\Lib\site-packages\aiosqlite\cursor.py:32: in _execute
    return await self._conn._execute(fn, *args, **kwargs)
           ^^^^^^^^^^^^^^^^^^^^^^^^^^^^^^^^^^^^^^^^^^^^^^
venv\Lib\site-packages\aiosqlite\core.py:160: in _execute
    return await future
           ^^^^^^^^^^^^
venv\Lib\site-packages\aiosqlite\core.py:63: in _connection_worker_thread
    result = function()
             ^^^^^^^^^^
E   sqlite3.OperationalError: no such column: explanation_metadata.dataset_health_score

The above exception was the direct cause of the following exception:
tests\test_explainability.py:84: in test_explainability_background_generation
    expl_response = await client.get(f"/api/v1/explanations/{prediction_id}")
                    ^^^^^^^^^^^^^^^^^^^^^^^^^^^^^^^^^^^^^^^^^^^^^^^^^^^^^^^^^
venv\Lib\site-packages\httpx\_client.py:1768: in get
    return await self.request(
venv\Lib\site-packages\httpx\_client.py:1540: in request
    return await self.send(request, auth=auth, follow_redirects=follow_redirects)
           ^^^^^^^^^^^^^^^^^^^^^^^^^^^^^^^^^^^^^^^^^^^^^^^^^^^^^^^^^^^^^^^^^^^^^^
venv\Lib\site-packages\httpx\_client.py:1629: in send
    response = await self._send_handling_auth(
venv\Lib\site-packages\httpx\_client.py:1657: in _send_handling_auth
    response = await self._send_handling_redirects(
venv\Lib\site-packages\httpx\_client.py:1694: in _send_handling_redirects
    response = await self._send_single_request(request)
               ^^^^^^^^^^^^^^^^^^^^^^^^^^^^^^^^^^^^^^^^
venv\Lib\site-packages\httpx\_client.py:1730: in _send_single_request
    response = await transport.handle_async_request(request)
               ^^^^^^^^^^^^^^^^^^^^^^^^^^^^^^^^^^^^^^^^^^^^^
venv\Lib\site-packages\httpx\_transports\asgi.py:170: in handle_async_request
    await self.app(scope, receive, send)
venv\Lib\site-packages\fastapi\applications.py:1163: in __call__
    await super().__call__(scope, receive, send)
venv\Lib\site-packages\starlette\applications.py:90: in __call__
    await self.middleware_stack(scope, receive, send)
venv\Lib\site-packages\starlette\middleware\errors.py:186: in __call__
    raise exc
venv\Lib\site-packages\starlette\middleware\errors.py:164: in __call__
    await self.app(scope, receive, _send)
venv\Lib\site-packages\starlette\middleware\base.py:193: in __call__
    response = await self.dispatch_func(request, call_next)
               ^^^^^^^^^^^^^^^^^^^^^^^^^^^^^^^^^^^^^^^^^^^^
app\monitoring\middleware.py:29: in monitoring_middleware
    response = await call_next(request)
               ^^^^^^^^^^^^^^^^^^^^^^^^
venv\Lib\site-packages\starlette\middleware\base.py:168: in call_next
    raise app_exc from app_exc.__cause__ or app_exc.__context__
venv\Lib\site-packages\starlette\middleware\base.py:144: in coro
    await self.app(scope, receive_or_disconnect, send_no_error)
venv\Lib\site-packages\starlette\middleware\base.py:193: in __call__
    response = await self.dispatch_func(request, call_next)
               ^^^^^^^^^^^^^^^^^^^^^^^^^^^^^^^^^^^^^^^^^^^^
app\security\middleware.py:9: in dispatch
    response: Response = await call_next(request)
                         ^^^^^^^^^^^^^^^^^^^^^^^^
venv\Lib\site-packages\starlette\middleware\base.py:168: in call_next
    raise app_exc from app_exc.__cause__ or app_exc.__context__
venv\Lib\site-packages\starlette\middleware\base.py:144: in coro
    await self.app(scope, receive_or_disconnect, send_no_error)
venv\Lib\site-packages\starlette\middleware\cors.py:88: in __call__
    await self.app(scope, receive, send)
venv\Lib\site-packages\starlette\middleware\exceptions.py:63: in __call__
    await wrap_app_handling_exceptions(self.app, conn)(scope, receive, send)
venv\Lib\site-packages\starlette\_exception_handler.py:53: in wrapped_app
    raise exc
venv\Lib\site-packages\starlette\_exception_handler.py:42: in wrapped_app
    await app(scope, receive, sender)
venv\Lib\site-packages\fastapi\middleware\asyncexitstack.py:18: in __call__
    await self.app(scope, receive, send)
venv\Lib\site-packages\starlette\routing.py:660: in __call__
    await self.middleware_stack(scope, receive, send)
venv\Lib\site-packages\fastapi\routing.py:2683: in app
    await route.handle(scope, receive, send)
venv\Lib\site-packages\fastapi\routing.py:1753: in handle
    await self.original_router.handle(scope, receive, send)
venv\Lib\site-packages\fastapi\routing.py:2738: in handle
    await included_router._handle_selected(scope, receive, send)
venv\Lib\site-packages\fastapi\routing.py:1764: in _handle_selected
    await route.handle(scope, receive, send)
venv\Lib\site-packages\fastapi\routing.py:1753: in handle
    await self.original_router.handle(scope, receive, send)
venv\Lib\site-packages\fastapi\routing.py:2738: in handle
    await included_router._handle_selected(scope, receive, send)
venv\Lib\site-packages\fastapi\routing.py:1773: in _handle_selected
    await original_route.handle(scope, receive, send)
venv\Lib\site-packages\fastapi\routing.py:1264: in handle
    await app(scope, receive, send)
venv\Lib\site-packages\fastapi\routing.py:150: in app
    await wrap_app_handling_exceptions(app, request)(scope, receive, send)
venv\Lib\site-packages\starlette\_exception_handler.py:53: in wrapped_app
    raise exc
venv\Lib\site-packages\starlette\_exception_handler.py:42: in wrapped_app
    await app(scope, receive, sender)
venv\Lib\site-packages\fastapi\routing.py:136: in app
    response = await f(request)
               ^^^^^^^^^^^^^^^^
venv\Lib\site-packages\fastapi\routing.py:690: in app
    raw_response = await run_endpoint_function(
venv\Lib\site-packages\fastapi\routing.py:344: in run_endpoint_function
    return await dependant.call(**values)
           ^^^^^^^^^^^^^^^^^^^^^^^^^^^^^^
app\serving\api\v1\endpoints\explanations.py:30: in get_explanation
    result = await db.execute(
venv\Lib\site-packages\sqlalchemy\ext\asyncio\session.py:448: in execute
    result = await greenlet_spawn(
venv\Lib\site-packages\sqlalchemy\util\_concurrency_py3k.py:201: in greenlet_spawn
    result = context.throw(*sys.exc_info())
             ^^^^^^^^^^^^^^^^^^^^^^^^^^^^^^
venv\Lib\site-packages\sqlalchemy\orm\session.py:2373: in execute
    return self._execute_internal(
venv\Lib\site-packages\sqlalchemy\orm\session.py:2271: in _execute_internal
    result: Result[Any] = compile_state_cls.orm_execute_statement(
venv\Lib\site-packages\sqlalchemy\orm\context.py:306: in orm_execute_statement
    result = conn.execute(
venv\Lib\site-packages\sqlalchemy\engine\base.py:1421: in execute
    return meth(
venv\Lib\site-packages\sqlalchemy\sql\elements.py:526: in _execute_on_connection
    return connection._execute_clauseelement(
venv\Lib\site-packages\sqlalchemy\engine\base.py:1643: in _execute_clauseelement
    ret = self._execute_context(
venv\Lib\site-packages\sqlalchemy\engine\base.py:1848: in _execute_context
    return self._exec_single_context(
venv\Lib\site-packages\sqlalchemy\engine\base.py:1988: in _exec_single_context
    self._handle_dbapi_exception(
venv\Lib\site-packages\sqlalchemy\engine\base.py:2365: in _handle_dbapi_exception
    raise sqlalchemy_exception.with_traceback(exc_info[2]) from e
venv\Lib\site-packages\sqlalchemy\engine\base.py:1969: in _exec_single_context
    self.dialect.do_execute(
venv\Lib\site-packages\sqlalchemy\engine\default.py:952: in do_execute
    cursor.execute(statement, parameters)
venv\Lib\site-packages\sqlalchemy\dialects\sqlite\aiosqlite.py:183: in execute
    self._adapt_connection._handle_exception(error)
venv\Lib\site-packages\sqlalchemy\dialects\sqlite\aiosqlite.py:343: in _handle_exception
    raise error
venv\Lib\site-packages\sqlalchemy\dialects\sqlite\aiosqlite.py:165: in execute
    self.await_(_cursor.execute(operation, parameters))
venv\Lib\site-packages\sqlalchemy\util\_concurrency_py3k.py:132: in await_only
    return current.parent.switch(awaitable)  # type: ignore[no-any-return,attr-defined] # noqa: E501
           ^^^^^^^^^^^^^^^^^^^^^^^^^^^^^^^^
venv\Lib\site-packages\sqlalchemy\util\_concurrency_py3k.py:196: in greenlet_spawn
    value = await result
            ^^^^^^^^^^^^
venv\Lib\site-packages\aiosqlite\cursor.py:40: in execute
    await self._execute(self._cursor.execute, sql, parameters)
venv\Lib\site-packages\aiosqlite\cursor.py:32: in _execute
    return await self._conn._execute(fn, *args, **kwargs)
           ^^^^^^^^^^^^^^^^^^^^^^^^^^^^^^^^^^^^^^^^^^^^^^
venv\Lib\site-packages\aiosqlite\core.py:160: in _execute
    return await future
           ^^^^^^^^^^^^
venv\Lib\site-packages\aiosqlite\core.py:63: in _connection_worker_thread
    result = function()
             ^^^^^^^^^^
E   sqlalchemy.exc.OperationalError: (sqlite3.OperationalError) no such column: explanation_metadata.dataset_health_score
E   [SQL: SELECT explanation_metadata.id, explanation_metadata.prediction_id, explanation_metadata.model_id, explanation_metadata.user_id, explanation_metadata.generation_time_ms, explanation_metadata.execution_time, explanation_metadata.cache_status, explanation_metadata.top_features, explanation_metadata.visualization_data, explanation_metadata.explanation_version, explanation_metadata.model_version, explanation_metadata.feature_version, explanation_metadata.dataset_version, explanation_metadata.shap_library_version, explanation_metadata.dataset_health_score, explanation_metadata.expectation_suite_version, explanation_metadata.hash, explanation_metadata.status, explanation_metadata.created_at 
E   FROM explanation_metadata 
E   WHERE explanation_metadata.prediction_id = ?]
E   [parameters: ('6ac88ede-c613-461a-a8c2-0ea175273717',)]
E   (Background on this error at: https://sqlalche.me/e/20/e3q8)
---------------------------- Captured stdout setup ----------------------------
2026-07-10 12:37:28 - app.storage.database - INFO - [init_db] Successfully initialized database tables.
2026-07-10 12:37:28 - app.training.trainer - INFO - [train] Commencing training sequence for RandomForest.
2026-07-10 12:37:29 - app.training.trainer - INFO - [train] Training sequence completed successfully.
----------------------------- Captured log setup ------------------------------
INFO     app.storage.database:database.py:89 Successfully initialized database tables.
INFO     app.training.trainer:trainer.py:61 Commencing training sequence for RandomForest.
INFO     app.training.trainer:trainer.py:64 Training sequence completed successfully.
---------------------------- Captured stdout call -----------------------------
2026-07-10 12:37:29 - app.cache.redis_client - INFO - [connect] Successfully connected to Redis Cloud (redis://***@cup-calculator-relation-56972.db.redis.io:14389) with pool size 10.
2026-07-10 12:37:34 - app.cache.redis_client - WARNING - [execute_with_retry] Redis network/timeout error (redis://***@cup-calculator-relation-56972.db.redis.io:14389) on attempt 1/5: .
2026-07-10 12:37:38 - app.cache.online_store - INFO - [get_online_features_with_fallback] Online store cache miss for test:test_entity_1. Loading from PostgreSQL offline store.
2026-07-10 12:37:38 - app.cache.online_store - ERROR - [refresh_online_features] Error refreshing online features from PostgreSQL for test:test_entity_1: 'DatasetRepository' object has no attribute 'get_by_id'
2026-07-10 12:37:41 - app.storage.database - ERROR - [get_db] Database Operational Error (e.g. timeout, connection loss): (sqlite3.OperationalError) no such column: explanation_metadata.dataset_health_score
[SQL: SELECT explanation_metadata.id, explanation_metadata.prediction_id, explanation_metadata.model_id, explanation_metadata.user_id, explanation_metadata.generation_time_ms, explanation_metadata.execution_time, explanation_metadata.cache_status, explanation_metadata.top_features, explanation_metadata.visualization_data, explanation_metadata.explanation_version, explanation_metadata.model_version, explanation_metadata.feature_version, explanation_metadata.dataset_version, explanation_metadata.shap_library_version, explanation_metadata.dataset_health_score, explanation_metadata.expectation_suite_version, explanation_metadata.hash, explanation_metadata.status, explanation_metadata.created_at 
FROM explanation_metadata 
WHERE explanation_metadata.prediction_id = ?]
[parameters: ('6ac88ede-c613-461a-a8c2-0ea175273717',)]
(Background on this error at: https://sqlalche.me/e/20/e3q8)
------------------------------ Captured log call ------------------------------
INFO     app.cache.redis_client:redis_client.py:136 Successfully connected to Redis Cloud (redis://***@cup-calculator-relation-56972.db.redis.io:14389) with pool size 10.
WARNING  app.cache.redis_client:redis_client.py:216 Redis network/timeout error (redis://***@cup-calculator-relation-56972.db.redis.io:14389) on attempt 1/5: .
INFO     app.cache.online_store:online_store.py:259 Online store cache miss for test:test_entity_1. Loading from PostgreSQL offline store.
ERROR    app.cache.online_store:online_store.py:238 Error refreshing online features from PostgreSQL for test:test_entity_1: 'DatasetRepository' object has no attribute 'get_by_id'
ERROR    app.storage.database:database.py:71 Database Operational Error (e.g. timeout, connection loss): (sqlite3.OperationalError) no such column: explanation_metadata.dataset_health_score
[SQL: SELECT explanation_metadata.id, explanation_metadata.prediction_id, explanation_metadata.model_id, explanation_metadata.user_id, explanation_metadata.generation_time_ms, explanation_metadata.execution_time, explanation_metadata.cache_status, explanation_metadata.top_features, explanation_metadata.visualization_data, explanation_metadata.explanation_version, explanation_metadata.model_version, explanation_metadata.feature_version, explanation_metadata.dataset_version, explanation_metadata.shap_library_version, explanation_metadata.dataset_health_score, explanation_metadata.expectation_suite_version, explanation_metadata.hash, explanation_metadata.status, explanation_metadata.created_at 
FROM explanation_metadata 
WHERE explanation_metadata.prediction_id = ?]
[parameters: ('6ac88ede-c613-461a-a8c2-0ea175273717',)]
(Background on this error at: https://sqlalche.me/e/20/e3q8)
________________________ test_explainability_cache_hit ________________________
venv\Lib\site-packages\sqlalchemy\engine\base.py:1969: in _exec_single_context
    self.dialect.do_execute(
venv\Lib\site-packages\sqlalchemy\engine\default.py:952: in do_execute
    cursor.execute(statement, parameters)
venv\Lib\site-packages\sqlalchemy\dialects\sqlite\aiosqlite.py:183: in execute
    self._adapt_connection._handle_exception(error)
venv\Lib\site-packages\sqlalchemy\dialects\sqlite\aiosqlite.py:343: in _handle_exception
    raise error
venv\Lib\site-packages\sqlalchemy\dialects\sqlite\aiosqlite.py:165: in execute
    self.await_(_cursor.execute(operation, parameters))
venv\Lib\site-packages\sqlalchemy\util\_concurrency_py3k.py:132: in await_only
    return current.parent.switch(awaitable)  # type: ignore[no-any-return,attr-defined] # noqa: E501
           ^^^^^^^^^^^^^^^^^^^^^^^^^^^^^^^^
venv\Lib\site-packages\sqlalchemy\util\_concurrency_py3k.py:196: in greenlet_spawn
    value = await result
            ^^^^^^^^^^^^
venv\Lib\site-packages\aiosqlite\cursor.py:40: in execute
    await self._execute(self._cursor.execute, sql, parameters)
venv\Lib\site-packages\aiosqlite\cursor.py:32: in _execute
    return await self._conn._execute(fn, *args, **kwargs)
           ^^^^^^^^^^^^^^^^^^^^^^^^^^^^^^^^^^^^^^^^^^^^^^
venv\Lib\site-packages\aiosqlite\core.py:160: in _execute
    return await future
           ^^^^^^^^^^^^
venv\Lib\site-packages\aiosqlite\core.py:63: in _connection_worker_thread
    result = function()
             ^^^^^^^^^^
E   sqlite3.OperationalError: no such column: explanation_metadata.dataset_health_score

The above exception was the direct cause of the following exception:
tests\test_explainability.py:129: in test_explainability_cache_hit
    expl = await client.get(f"/api/v1/explanations/{pred_id}")
           ^^^^^^^^^^^^^^^^^^^^^^^^^^^^^^^^^^^^^^^^^^^^^^^^^^^
venv\Lib\site-packages\httpx\_client.py:1768: in get
    return await self.request(
venv\Lib\site-packages\httpx\_client.py:1540: in request
    return await self.send(request, auth=auth, follow_redirects=follow_redirects)
           ^^^^^^^^^^^^^^^^^^^^^^^^^^^^^^^^^^^^^^^^^^^^^^^^^^^^^^^^^^^^^^^^^^^^^^
venv\Lib\site-packages\httpx\_client.py:1629: in send
    response = await self._send_handling_auth(
venv\Lib\site-packages\httpx\_client.py:1657: in _send_handling_auth
    response = await self._send_handling_redirects(
venv\Lib\site-packages\httpx\_client.py:1694: in _send_handling_redirects
    response = await self._send_single_request(request)
               ^^^^^^^^^^^^^^^^^^^^^^^^^^^^^^^^^^^^^^^^
venv\Lib\site-packages\httpx\_client.py:1730: in _send_single_request
    response = await transport.handle_async_request(request)
               ^^^^^^^^^^^^^^^^^^^^^^^^^^^^^^^^^^^^^^^^^^^^^
venv\Lib\site-packages\httpx\_transports\asgi.py:170: in handle_async_request
    await self.app(scope, receive, send)
venv\Lib\site-packages\fastapi\applications.py:1163: in __call__
    await super().__call__(scope, receive, send)
venv\Lib\site-packages\starlette\applications.py:90: in __call__
    await self.middleware_stack(scope, receive, send)
venv\Lib\site-packages\starlette\middleware\errors.py:186: in __call__
    raise exc
venv\Lib\site-packages\starlette\middleware\errors.py:164: in __call__
    await self.app(scope, receive, _send)
venv\Lib\site-packages\starlette\middleware\base.py:193: in __call__
    response = await self.dispatch_func(request, call_next)
               ^^^^^^^^^^^^^^^^^^^^^^^^^^^^^^^^^^^^^^^^^^^^
app\monitoring\middleware.py:29: in monitoring_middleware
    response = await call_next(request)
               ^^^^^^^^^^^^^^^^^^^^^^^^
venv\Lib\site-packages\starlette\middleware\base.py:168: in call_next
    raise app_exc from app_exc.__cause__ or app_exc.__context__
venv\Lib\site-packages\starlette\middleware\base.py:144: in coro
    await self.app(scope, receive_or_disconnect, send_no_error)
venv\Lib\site-packages\starlette\middleware\base.py:193: in __call__
    response = await self.dispatch_func(request, call_next)
               ^^^^^^^^^^^^^^^^^^^^^^^^^^^^^^^^^^^^^^^^^^^^
app\security\middleware.py:9: in dispatch
    response: Response = await call_next(request)
                         ^^^^^^^^^^^^^^^^^^^^^^^^
venv\Lib\site-packages\starlette\middleware\base.py:168: in call_next
    raise app_exc from app_exc.__cause__ or app_exc.__context__
venv\Lib\site-packages\starlette\middleware\base.py:144: in coro
    await self.app(scope, receive_or_disconnect, send_no_error)
venv\Lib\site-packages\starlette\middleware\cors.py:88: in __call__
    await self.app(scope, receive, send)
venv\Lib\site-packages\starlette\middleware\exceptions.py:63: in __call__
    await wrap_app_handling_exceptions(self.app, conn)(scope, receive, send)
venv\Lib\site-packages\starlette\_exception_handler.py:53: in wrapped_app
    raise exc
venv\Lib\site-packages\starlette\_exception_handler.py:42: in wrapped_app
    await app(scope, receive, sender)
venv\Lib\site-packages\fastapi\middleware\asyncexitstack.py:18: in __call__
    await self.app(scope, receive, send)
venv\Lib\site-packages\starlette\routing.py:660: in __call__
    await self.middleware_stack(scope, receive, send)
venv\Lib\site-packages\fastapi\routing.py:2683: in app
    await route.handle(scope, receive, send)
venv\Lib\site-packages\fastapi\routing.py:1753: in handle
    await self.original_router.handle(scope, receive, send)
venv\Lib\site-packages\fastapi\routing.py:2738: in handle
    await included_router._handle_selected(scope, receive, send)
venv\Lib\site-packages\fastapi\routing.py:1764: in _handle_selected
    await route.handle(scope, receive, send)
venv\Lib\site-packages\fastapi\routing.py:1753: in handle
    await self.original_router.handle(scope, receive, send)
venv\Lib\site-packages\fastapi\routing.py:2738: in handle
    await included_router._handle_selected(scope, receive, send)
venv\Lib\site-packages\fastapi\routing.py:1773: in _handle_selected
    await original_route.handle(scope, receive, send)
venv\Lib\site-packages\fastapi\routing.py:1264: in handle
    await app(scope, receive, send)
venv\Lib\site-packages\fastapi\routing.py:150: in app
    await wrap_app_handling_exceptions(app, request)(scope, receive, send)
venv\Lib\site-packages\starlette\_exception_handler.py:53: in wrapped_app
    raise exc
venv\Lib\site-packages\starlette\_exception_handler.py:42: in wrapped_app
    await app(scope, receive, sender)
venv\Lib\site-packages\fastapi\routing.py:136: in app
    response = await f(request)
               ^^^^^^^^^^^^^^^^
venv\Lib\site-packages\fastapi\routing.py:690: in app
    raw_response = await run_endpoint_function(
venv\Lib\site-packages\fastapi\routing.py:344: in run_endpoint_function
    return await dependant.call(**values)
           ^^^^^^^^^^^^^^^^^^^^^^^^^^^^^^
app\serving\api\v1\endpoints\explanations.py:30: in get_explanation
    result = await db.execute(
venv\Lib\site-packages\sqlalchemy\ext\asyncio\session.py:448: in execute
    result = await greenlet_spawn(
venv\Lib\site-packages\sqlalchemy\util\_concurrency_py3k.py:201: in greenlet_spawn
    result = context.throw(*sys.exc_info())
             ^^^^^^^^^^^^^^^^^^^^^^^^^^^^^^
[...]
WARNING  app.cache.redis_client:redis_client.py:216 Redis network/timeout error (redis://***@cup-calculator-relation-56972.db.redis.io:14389) on attempt 3/5: max number of clients reached.
WARNING  app.cache.redis_client:redis_client.py:216 Redis network/timeout error (redis://***@cup-calculator-relation-56972.db.redis.io:14389) on attempt 3/5: max number of clients reached.
WARNING  app.cache.redis_client:redis_client.py:216 Redis network/timeout error (redis://***@cup-calculator-relation-56972.db.redis.io:14389) on attempt 4/5: Error while reading from cup-calculator-relation-56972.db.redis.io:14389 : (22, 'The specified network name is no longer available', None, 64, None).
WARNING  app.cache.redis_client:redis_client.py:216 Redis network/timeout error (redis://***@cup-calculator-relation-56972.db.redis.io:14389) on attempt 4/5: Error while reading from cup-calculator-relation-56972.db.redis.io:14389 : (22, 'The specified network name is no longer available', None, 64, None).
WARNING  app.cache.redis_client:redis_client.py:216 Redis network/timeout error (redis://***@cup-calculator-relation-56972.db.redis.io:14389) on attempt 4/5: Error while reading from cup-calculator-relation-56972.db.redis.io:14389 : (22, 'The specified network name is no longer available', None, 64, None).
WARNING  app.cache.redis_client:redis_client.py:216 Redis network/timeout error (redis://***@cup-calculator-relation-56972.db.redis.io:14389) on attempt 4/5: Error while reading from cup-calculator-relation-56972.db.redis.io:14389 : (22, 'The specified network name is no longer available', None, 64, None).
WARNING  app.cache.redis_client:redis_client.py:216 Redis network/timeout error (redis://***@cup-calculator-relation-56972.db.redis.io:14389) on attempt 4/5: Error while reading from cup-calculator-relation-56972.db.redis.io:14389 : (22, 'The specified network name is no longer available', None, 64, None).
WARNING  app.cache.redis_client:redis_client.py:216 Redis network/timeout error (redis://***@cup-calculator-relation-56972.db.redis.io:14389) on attempt 4/5: Error while reading from cup-calculator-relation-56972.db.redis.io:14389 : (22, 'The specified network name is no longer available', None, 64, None).
WARNING  app.cache.redis_client:redis_client.py:216 Redis network/timeout error (redis://***@cup-calculator-relation-56972.db.redis.io:14389) on attempt 4/5: Error while reading from cup-calculator-relation-56972.db.redis.io:14389 : (22, 'The specified network name is no longer available', None, 64, None).
WARNING  app.cache.redis_client:redis_client.py:216 Redis network/timeout error (redis://***@cup-calculator-relation-56972.db.redis.io:14389) on attempt 4/5: max number of clients reached.
WARNING  app.cache.redis_client:redis_client.py:216 Redis network/timeout error (redis://***@cup-calculator-relation-56972.db.redis.io:14389) on attempt 4/5: max number of clients reached.
WARNING  app.cache.redis_client:redis_client.py:216 Redis network/timeout error (redis://***@cup-calculator-relation-56972.db.redis.io:14389) on attempt 4/5: max number of clients reached.
ERROR    asyncio:base_events.py:1875 Exception in callback _ProactorBasePipeTransport._call_connection_lost()
handle: <Handle _ProactorBasePipeTransport._call_connection_lost()>
Traceback (most recent call last):
  File "C:\Users\marel\AppData\Local\Python\pythoncore-3.14-64\Lib\asyncio\events.py", line 94, in _run
    self._context.run(self._callback, *self._args)
    ~~~~~~~~~~~~~~~~~^^^^^^^^^^^^^^^^^^^^^^^^^^^^^
  File "C:\Users\marel\AppData\Local\Python\pythoncore-3.14-64\Lib\asyncio\proactor_events.py", line 165, in _call_connection_lost
    self._sock.shutdown(socket.SHUT_RDWR)
    ~~~~~~~~~~~~~~~~~~~^^^^^^^^^^^^^^^^^^
ConnectionResetError: [WinError 10054] An existing connection was forcibly closed by the remote host
WARNING  app.cache.redis_client:redis_client.py:216 Redis network/timeout error (redis://***@cup-calculator-relation-56972.db.redis.io:14389) on attempt 5/5: Error while reading from cup-calculator-relation-56972.db.redis.io:14389 : (22, 'The specified network name is no longer available', None, 64, None).
ERROR    app.cache.redis_client:redis_client.py:224 Redis operation failed after 5 retries (redis://***@cup-calculator-relation-56972.db.redis.io:14389). Falling back.
WARNING  app.cache.redis_client:redis_client.py:216 Redis network/timeout error (redis://***@cup-calculator-relation-56972.db.redis.io:14389) on attempt 5/5: Error while reading from cup-calculator-relation-56972.db.redis.io:14389 : (22, 'The specified network name is no longer available', None, 64, None).
ERROR    app.cache.redis_client:redis_client.py:224 Redis operation failed after 5 retries (redis://***@cup-calculator-relation-56972.db.redis.io:14389). Falling back.
WARNING  app.cache.redis_client:redis_client.py:216 Redis network/timeout error (redis://***@cup-calculator-relation-56972.db.redis.io:14389) on attempt 5/5: Error while reading from cup-calculator-relation-56972.db.redis.io:14389 : (22, 'The specified network name is no longer available', None, 64, None).
ERROR    app.cache.redis_client:redis_client.py:224 Redis operation failed after 5 retries (redis://***@cup-calculator-relation-56972.db.redis.io:14389). Falling back.
WARNING  app.cache.redis_client:redis_client.py:216 Redis network/timeout error (redis://***@cup-calculator-relation-56972.db.redis.io:14389) on attempt 5/5: Error while reading from cup-calculator-relation-56972.db.redis.io:14389 : (22, 'The specified network name is no longer available', None, 64, None).
ERROR    app.cache.redis_client:redis_client.py:224 Redis operation failed after 5 retries (redis://***@cup-calculator-relation-56972.db.redis.io:14389). Falling back.
WARNING  app.cache.redis_client:redis_client.py:216 Redis network/timeout error (redis://***@cup-calculator-relation-56972.db.redis.io:14389) on attempt 5/5: Error while reading from cup-calculator-relation-56972.db.redis.io:14389 : (22, 'The specified network name is no longer available', None, 64, None).
ERROR    app.cache.redis_client:redis_client.py:224 Redis operation failed after 5 retries (redis://***@cup-calculator-relation-56972.db.redis.io:14389). Falling back.
WARNING  app.cache.redis_client:redis_client.py:216 Redis network/timeout error (redis://***@cup-calculator-relation-56972.db.redis.io:14389) on attempt 5/5: Error while reading from cup-calculator-relation-56972.db.redis.io:14389 : (22, 'The specified network name is no longer available', None, 64, None).
ERROR    app.cache.redis_client:redis_client.py:224 Redis operation failed after 5 retries (redis://***@cup-calculator-relation-56972.db.redis.io:14389). Falling back.
WARNING  app.cache.redis_client:redis_client.py:216 Redis network/timeout error (redis://***@cup-calculator-relation-56972.db.redis.io:14389) on attempt 5/5: Error while reading from cup-calculator-relation-56972.db.redis.io:14389 : (22, 'The specified network name is no longer available', None, 64, None).
ERROR    app.cache.redis_client:redis_client.py:224 Redis operation failed after 5 retries (redis://***@cup-calculator-relation-56972.db.redis.io:14389). Falling back.
WARNING  app.cache.redis_client:redis_client.py:216 Redis network/timeout error (redis://***@cup-calculator-relation-56972.db.redis.io:14389) on attempt 5/5: Error while reading from cup-calculator-relation-56972.db.redis.io:14389 : (22, 'The specified network name is no longer available', None, 64, None).
ERROR    app.cache.redis_client:redis_client.py:224 Redis operation failed after 5 retries (redis://***@cup-calculator-relation-56972.db.redis.io:14389). Falling back.
WARNING  app.cache.redis_client:redis_client.py:216 Redis network/timeout error (redis://***@cup-calculator-relation-56972.db.redis.io:14389) on attempt 5/5: Error while reading from cup-calculator-relation-56972.db.redis.io:14389 : (22, 'The specified network name is no longer available', None, 64, None).
ERROR    app.cache.redis_client:redis_client.py:224 Redis operation failed after 5 retries (redis://***@cup-calculator-relation-56972.db.redis.io:14389). Falling back.
WARNING  app.cache.redis_client:redis_client.py:216 Redis network/timeout error (redis://***@cup-calculator-relation-56972.db.redis.io:14389) on attempt 5/5: Error while reading from cup-calculator-relation-56972.db.redis.io:14389 : (22, 'The specified network name is no longer available', None, 64, None).
ERROR    app.cache.redis_client:redis_client.py:224 Redis operation failed after 5 retries (redis://***@cup-calculator-relation-56972.db.redis.io:14389). Falling back.
-------------------------- Captured stdout teardown ---------------------------
2026-07-10 12:47:47 - app.cache.redis_client - INFO - [disconnect] Cleanly disconnected from Redis (redis://***@cup-calculator-relation-56972.db.redis.io:14389).
---------------------------- Captured log teardown ----------------------------
INFO     app.cache.redis_client:redis_client.py:158 Cleanly disconnected from Redis (redis://***@cup-calculator-relation-56972.db.redis.io:14389).
_________________________ test_redis_health_endpoint __________________________
tests\test_redis.py:160: in test_redis_health_endpoint
    assert data["connection_status"] == "ONLINE"
E   AssertionError: assert 'OFFLINE' == 'ONLINE'
E     
E     - ONLINE
E     ?  ^
E     + OFFLINE
E     ?  ^^
---------------------------- Captured stdout setup ----------------------------
2026-07-10 12:47:47 - app.storage.database - INFO - [init_db] Successfully initialized database tables.
----------------------------- Captured log setup ------------------------------
INFO     app.storage.database:database.py:89 Successfully initialized database tables.
---------------------------- Captured stdout call -----------------------------
2026-07-10 12:47:48 - app.cache.redis_client - INFO - [connect] Successfully connected to Redis Cloud (redis://***@cup-calculator-relation-56972.db.redis.io:14389) with pool size 10.
------------------------------ Captured log call ------------------------------
INFO     app.cache.redis_client:redis_client.py:136 Successfully connected to Redis Cloud (redis://***@cup-calculator-relation-56972.db.redis.io:14389) with pool size 10.
-------------------------- Captured stdout teardown ---------------------------
2026-07-10 12:47:49 - app.cache.redis_client - INFO - [disconnect] Cleanly disconnected from Redis (redis://***@cup-calculator-relation-56972.db.redis.io:14389).
---------------------------- Captured log teardown ----------------------------
INFO     app.cache.redis_client:redis_client.py:158 Cleanly disconnected from Redis (redis://***@cup-calculator-relation-56972.db.redis.io:14389).
============================== warnings summary ===============================
venv\Lib\site-packages\shap\plots\colors\_colors.py:47
  C:\Users\marel\OneDrive\Desktop\FeatureFlow\venv\Lib\site-packages\shap\plots\colors\_colors.py:47: PendingDeprecationWarning: The set_bad function will be deprecated in a future version. Use cmap.with_extremes(bad=...) or Colormap(bad=...) instead.
    red_blue.set_bad(gray_rgb.tolist(), 1.0)

venv\Lib\site-packages\shap\plots\colors\_colors.py:48
  C:\Users\marel\OneDrive\Desktop\FeatureFlow\venv\Lib\site-packages\shap\plots\colors\_colors.py:48: PendingDeprecationWarning: The set_over function will be deprecated in a future version. Use cmap.with_extremes(over=...) or Colormap(over=...) instead.
    red_blue.set_over(gray_rgb.tolist(), 1.0)

venv\Lib\site-packages\shap\plots\colors\_colors.py:49
  C:\Users\marel\OneDrive\Desktop\FeatureFlow\venv\Lib\site-packages\shap\plots\colors\_colors.py:49: PendingDeprecationWarning: The set_under function will be deprecated in a future version. Use cmap.with_extremes(under=...) or Colormap(under=...) instead.
    red_blue.set_under(gray_rgb.tolist(), 1.0)  # "under" is incorrectly used instead of "bad" in the scatter plot

app\data_quality\schemas.py:12
  C:\Users\marel\OneDrive\Desktop\FeatureFlow\app\data_quality\schemas.py:12: PydanticDeprecatedSince20: Support for class-based `config` is deprecated, use ConfigDict instead. Deprecated in Pydantic V2.0 to be removed in V3.0. See Pydantic V2 Migration Guide at https://errors.pydantic.dev/2.13/migration/
    class DataContractResponse(DataContractSchema):

app\data_quality\schemas.py:29
  C:\Users\marel\OneDrive\Desktop\FeatureFlow\app\data_quality\schemas.py:29: PydanticDeprecatedSince20: Support for class-based `config` is deprecated, use ConfigDict instead. Deprecated in Pydantic V2.0 to be removed in V3.0. See Pydantic V2 Migration Guide at https://errors.pydantic.dev/2.13/migration/
    class ValidationRunResponse(BaseModel):

venv\Lib\site-packages\great_expectations\core\urn.py:6
  C:\Users\marel\OneDrive\Desktop\FeatureFlow\venv\Lib\site-packages\great_expectations\core\urn.py:6: PyparsingDeprecationWarning: 'setResultsName' deprecated - use 'set_results_name'
    + Literal("metrics").setResultsName("urn_type")

venv\Lib\site-packages\great_expectations\core\urn.py:8
  C:\Users\marel\OneDrive\Desktop\FeatureFlow\venv\Lib\site-packages\great_expectations\core\urn.py:8: PyparsingDeprecationWarning: 'setResultsName' deprecated - use 'set_results_name'
    + urn_word.setResultsName("run_id")

venv\Lib\site-packages\great_expectations\core\urn.py:10
  C:\Users\marel\OneDrive\Desktop\FeatureFlow\venv\Lib\site-packages\great_expectations\core\urn.py:10: PyparsingDeprecationWarning: 'setResultsName' deprecated - use 'set_results_name'
    + urn_word.setResultsName("expectation_suite_name")

venv\Lib\site-packages\great_expectations\core\urn.py:12
  C:\Users\marel\OneDrive\Desktop\FeatureFlow\venv\Lib\site-packages\great_expectations\core\urn.py:12: PyparsingDeprecationWarning: 'setResultsName' deprecated - use 'set_results_name'
    + urn_word.setResultsName("metric_name")

venv\Lib\site-packages\great_expectations\core\urn.py:13
  C:\Users\marel\OneDrive\Desktop\FeatureFlow\venv\Lib\site-packages\great_expectations\core\urn.py:13: PyparsingDeprecationWarning: 'setResultsName' deprecated - use 'set_results_name'
    + Optional(Suppress(":") + urn_word.setResultsName("metric_kwargs"))

venv\Lib\site-packages\great_expectations\core\urn.py:18
  C:\Users\marel\OneDrive\Desktop\FeatureFlow\venv\Lib\site-packages\great_expectations\core\urn.py:18: PyparsingDeprecationWarning: 'setResultsName' deprecated - use 'set_results_name'
    + Literal("validations").setResultsName("urn_type")

venv\Lib\site-packages\great_expectations\core\urn.py:20
  C:\Users\marel\OneDrive\Desktop\FeatureFlow\venv\Lib\site-packages\great_expectations\core\urn.py:20: PyparsingDeprecationWarning: 'setResultsName' deprecated - use 'set_results_name'
    + urn_word.setResultsName("expectation_suite_name")

venv\Lib\site-packages\great_expectations\core\urn.py:22
  C:\Users\marel\OneDrive\Desktop\FeatureFlow\venv\Lib\site-packages\great_expectations\core\urn.py:22: PyparsingDeprecationWarning: 'setResultsName' deprecated - use 'set_results_name'
    + urn_word.setResultsName("metric_name")

venv\Lib\site-packages\great_expectations\core\urn.py:23
  C:\Users\marel\OneDrive\Desktop\FeatureFlow\venv\Lib\site-packages\great_expectations\core\urn.py:23: PyparsingDeprecationWarning: 'setResultsName' deprecated - use 'set_results_name'
    + Optional(Suppress(":") + urn_word.setResultsName("metric_kwargs"))

venv\Lib\site-packages\great_expectations\core\urn.py:28
  C:\Users\marel\OneDrive\Desktop\FeatureFlow\venv\Lib\site-packages\great_expectations\core\urn.py:28: PyparsingDeprecationWarning: 'setResultsName' deprecated - use 'set_results_name'
    + Literal("stores").setResultsName("urn_type")

venv\Lib\site-packages\great_expectations\core\urn.py:30
  C:\Users\marel\OneDrive\Desktop\FeatureFlow\venv\Lib\site-packages\great_expectations\core\urn.py:30: PyparsingDeprecationWarning: 'setResultsName' deprecated - use 'set_results_name'
    + urn_word.setResultsName("store_name")

venv\Lib\site-packages\great_expectations\core\urn.py:32
  C:\Users\marel\OneDrive\Desktop\FeatureFlow\venv\Lib\site-packages\great_expectations\core\urn.py:32: PyparsingDeprecationWarning: 'setResultsName' deprecated - use 'set_results_name'
    + urn_word.setResultsName("metric_name")

venv\Lib\site-packages\great_expectations\core\urn.py:33
  C:\Users\marel\OneDrive\Desktop\FeatureFlow\venv\Lib\site-packages\great_expectations\core\urn.py:33: PyparsingDeprecationWarning: 'setResultsName' deprecated - use 'set_results_name'
    + Optional(Suppress(":") + urn_word.setResultsName("metric_kwargs"))

venv\Lib\site-packages\great_expectations\data_context\types\base.py:1642
  C:\Users\marel\OneDrive\Desktop\FeatureFlow\venv\Lib\site-packages\great_expectations\data_context\types\base.py:1642: ChangedInMarshmallow4Warning: `Number` field should not be instantiated. Use `Integer`, `Float`, or `Decimal` instead.
    config_version = fields.Number(

venv\Lib\site-packages\great_expectations\data_context\types\base.py:2703
  C:\Users\marel\OneDrive\Desktop\FeatureFlow\venv\Lib\site-packages\great_expectations\data_context\types\base.py:2703: ChangedInMarshmallow4Warning: `Number` field should not be instantiated. Use `Integer`, `Float`, or `Decimal` instead.
    config_version = fields.Number(

tests/test_api.py: 10 warnings
tests/test_auth.py: 1 warning
tests/test_explainability.py: 3 warnings
tests/test_model_cache.py: 1 warning
tests/test_online_store.py: 1 warning
tests/test_prediction_cache.py: 1 warning
tests/test_redis.py: 1 warning
tests/test_redis_enterprise.py: 4 warnings
  C:\Users\marel\OneDrive\Desktop\FeatureFlow\venv\Lib\site-packages\jwt\api_jwt.py:147: InsecureKeyLengthWarning: The HMAC key is 6 bytes long, which is below the minimum recommended length of 32 bytes for SHA256. See RFC 7518 Section 3.2.
    return self._jws.encode(

tests/test_api.py: 10 warnings
tests/test_explainability.py: 3 warnings
tests/test_model_cache.py: 2 warnings
tests/test_online_store.py: 1 warning
tests/test_prediction_cache.py: 1 warning
tests/test_redis_enterprise.py: 4 warnings
  C:\Users\marel\OneDrive\Desktop\FeatureFlow\venv\Lib\site-packages\jwt\api_jwt.py:368: InsecureKeyLengthWarning: The HMAC key is 6 bytes long, which is below the minimum recommended length of 32 bytes for SHA256. See RFC 7518 Section 3.2.
    decoded = self.decode_complete(

-- Docs: https://docs.pytest.org/en/stable/how-to/capture-warnings.html
=========================== short test summary info ===========================
FAILED tests/test_auth.py::test_register_and_login - sqlalchemy.exc.Operation...
FAILED tests/test_auth.py::test_me_endpoint - sqlalchemy.exc.OperationalError...
FAILED tests/test_auth.py::test_api_keys - sqlalchemy.exc.OperationalError: (...
FAILED tests/test_data_quality.py::test_data_quality_service_baseline_creation
FAILED tests/test_data_quality.py::test_data_quality_critical_failure - sqlal...
FAILED tests/test_explainability.py::test_explainability_background_generation
FAILED tests/test_explainability.py::test_explainability_cache_hit - sqlalche...
FAILED tests/test_explainability.py::test_historical_explanations - sqlalchem...
FAILED tests/test_online_store.py::test_version_invalidation - assert 0 >= 2
FAILED tests/test_online_store.py::test_online_features_endpoints - assert Fa...
FAILED tests/test_redis.py::test_redis_client_connection - assert False is True
FAILED tests/test_redis.py::test_redis_write_and_read - assert False is True
FAILED tests/test_redis.py::test_redis_delete - assert False is True
FAILED tests/test_redis.py::test_redis_ttl_expiration - assert False is True
FAILED tests/test_redis.py::test_redis_json_operations - assert False is True
FAILED tests/test_redis.py::test_redis_reconnection_and_resilience - Assertio...
FAILED tests/test_redis.py::test_redis_concurrent_access - assert False
FAILED tests/test_redis.py::test_redis_health_endpoint - AssertionError: asse...
=========== 18 failed, 57 passed, 63 warnings in 870.23s (0:14:30) ============
